TN:
SF:bin\muaddib.js
FN:51,interactiveMenu
FNF:1
FNH:0
FNDA:0,interactiveMenu
DA:1,43
DA:2,43
DA:3,43
DA:4,43
DA:5,43
DA:6,43
DA:7,43
DA:8,43
DA:9,43
DA:10,43
DA:11,43
DA:12,43
DA:13,43
DA:14,43
DA:15,43
DA:16,43
DA:17,43
DA:18,43
DA:19,43
DA:20,43
DA:21,43
DA:22,43
DA:23,43
DA:24,43
DA:25,43
DA:26,43
DA:27,48
DA:28,1
DA:29,47
DA:30,1
DA:31,1
DA:32,47
DA:33,1
DA:34,1
DA:35,46
DA:36,4
DA:37,41
DA:38,2
DA:39,2
DA:40,41
DA:41,0
DA:42,0
DA:43,39
DA:44,0
DA:45,39
DA:46,39
DA:47,39
DA:48,48
DA:49,43
DA:50,43
DA:51,0
DA:52,0
DA:53,0
DA:54,0
DA:55,0
DA:56,0
DA:57,0
DA:58,0
DA:59,0
DA:60,0
DA:61,0
DA:62,0
DA:63,0
DA:64,0
DA:65,0
DA:66,0
DA:67,0
DA:68,0
DA:69,0
DA:70,0
DA:71,0
DA:72,0
DA:73,0
DA:74,0
DA:75,0
DA:76,0
DA:77,0
DA:78,0
DA:79,0
DA:80,0
DA:81,0
DA:82,0
DA:83,0
DA:84,0
DA:85,0
DA:86,0
DA:87,0
DA:88,0
DA:89,0
DA:90,0
DA:91,0
DA:92,0
DA:93,0
DA:94,0
DA:95,0
DA:96,0
DA:97,0
DA:98,0
DA:99,0
DA:100,0
DA:101,0
DA:102,0
DA:103,0
DA:104,0
DA:105,0
DA:106,0
DA:107,0
DA:108,0
DA:109,0
DA:110,0
DA:111,0
DA:112,0
DA:113,0
DA:114,0
DA:115,0
DA:116,0
DA:117,0
DA:118,0
DA:119,0
DA:120,0
DA:121,0
DA:122,0
DA:123,0
DA:124,0
DA:125,0
DA:126,0
DA:127,0
DA:128,0
DA:129,0
DA:130,0
DA:131,0
DA:132,0
DA:133,0
DA:134,0
DA:135,0
DA:136,0
DA:137,0
DA:138,0
DA:139,0
DA:140,0
DA:141,0
DA:142,0
DA:143,0
DA:144,0
DA:145,0
DA:146,0
DA:147,0
DA:148,0
DA:149,0
DA:150,0
DA:151,0
DA:152,0
DA:153,0
DA:154,0
DA:155,0
DA:156,0
DA:157,0
DA:158,0
DA:159,0
DA:160,0
DA:161,0
DA:162,0
DA:163,0
DA:164,0
DA:165,0
DA:166,0
DA:167,0
DA:168,0
DA:169,0
DA:170,0
DA:171,0
DA:172,0
DA:173,0
DA:174,0
DA:175,0
DA:176,0
DA:177,0
DA:178,0
DA:179,0
DA:180,0
DA:181,0
DA:182,0
DA:183,0
DA:184,0
DA:185,0
DA:186,0
DA:187,0
DA:188,0
DA:189,0
DA:190,0
DA:191,0
DA:192,0
DA:193,0
DA:194,0
DA:195,0
DA:196,0
DA:197,0
DA:198,0
DA:199,0
DA:200,0
DA:201,0
DA:202,0
DA:203,0
DA:204,0
DA:205,0
DA:206,0
DA:207,0
DA:208,0
DA:209,0
DA:210,0
DA:211,0
DA:212,0
DA:213,0
DA:214,43
DA:215,43
DA:216,43
DA:217,43
DA:218,43
DA:219,43
DA:220,43
DA:221,43
DA:222,43
DA:223,43
DA:224,43
DA:225,43
DA:226,43
DA:227,43
DA:228,43
DA:229,43
DA:230,43
DA:231,43
DA:232,43
DA:233,43
DA:234,43
DA:235,43
DA:236,43
DA:237,43
DA:238,43
DA:239,43
DA:240,43
DA:241,43
DA:242,43
DA:243,43
DA:244,43
DA:245,43
DA:246,43
DA:247,43
DA:248,43
DA:249,43
DA:250,43
DA:251,43
DA:252,43
DA:253,43
DA:254,43
DA:255,2
DA:256,2
DA:257,2
DA:258,2
DA:259,0
DA:260,0
DA:261,0
DA:262,0
DA:263,43
DA:264,39
DA:265,39
DA:266,39
DA:267,39
DA:268,39
DA:269,39
DA:270,39
DA:271,39
DA:272,39
DA:273,39
DA:274,39
DA:275,41
DA:276,0
DA:277,2
DA:278,1
DA:279,1
DA:280,1
DA:281,0
DA:282,0
DA:283,1
DA:284,1
DA:285,0
DA:286,0
DA:287,0
DA:288,0
DA:289,0
DA:290,0
DA:291,0
DA:292,1
DA:293,0
DA:294,1
DA:295,0
DA:296,0
DA:297,0
DA:298,0
DA:299,0
DA:300,0
DA:301,0
DA:302,0
DA:303,0
DA:304,0
DA:305,0
DA:306,0
DA:307,0
DA:308,0
DA:309,0
DA:310,0
DA:311,0
DA:312,0
DA:313,0
DA:314,1
DA:315,0
DA:316,0
DA:317,0
DA:318,0
DA:319,0
DA:320,0
DA:321,0
DA:322,0
DA:323,0
DA:324,0
DA:325,0
DA:326,0
DA:327,0
DA:328,0
DA:329,0
DA:330,1
DA:331,1
DA:332,1
DA:333,1
DA:334,1
DA:335,1
DA:336,1
DA:337,1
DA:338,1
DA:339,1
DA:340,0
DA:341,0
DA:342,0
DA:343,0
DA:344,0
DA:345,0
DA:346,0
DA:347,0
DA:348,0
DA:349,0
DA:350,0
DA:351,0
DA:352,0
DA:353,0
DA:354,0
DA:355,0
DA:356,0
DA:357,0
DA:358,0
DA:359,0
DA:360,0
DA:361,0
DA:362,0
DA:363,0
DA:364,0
DA:365,0
DA:366,0
DA:367,0
DA:368,0
DA:369,0
DA:370,0
DA:371,0
DA:372,0
DA:373,0
DA:374,0
DA:375,0
DA:376,0
DA:377,0
DA:378,0
DA:379,0
DA:380,0
LF:380
LH:124
BRDA:1,0,0,43
BRDA:26,1,0,48
BRDA:27,2,0,47
BRDA:27,3,0,1
BRDA:29,4,0,1
BRDA:30,5,0,0
BRDA:32,6,0,46
BRDA:32,7,0,1
BRDA:33,8,0,0
BRDA:35,9,0,45
BRDA:35,10,0,41
BRDA:35,11,0,4
BRDA:37,12,0,2
BRDA:38,13,0,0
BRDA:40,14,0,39
BRDA:40,15,0,0
BRDA:43,16,0,0
BRDA:254,17,0,41
BRDA:254,18,0,2
BRDA:255,19,0,0
BRDA:259,20,0,0
BRDA:263,21,0,41
BRDA:263,22,0,39
BRDA:275,23,0,2
BRDA:275,24,0,0
BRDA:277,25,0,1
BRDA:284,26,0,0
BRDA:292,27,0,0
BRDA:294,28,0,0
BRDA:314,29,0,0
BRDA:340,30,0,0
BRDA:272,31,0,39
BRDA:278,32,0,1
BRF:33
BRH:20
end_of_record
TN:
SF:src\daemon.js
FN:8,startDaemon
FN:40,watchDirectory
FN:78,watchFile
FN:93,watchNodeModules
FN:105,triggerScan
FN:136,sleep
FNF:6
FNH:0
FNDA:0,startDaemon
FNDA:0,watchDirectory
FNDA:0,watchFile
FNDA:0,watchNodeModules
FNDA:0,triggerScan
FNDA:0,sleep
DA:1,43
DA:2,43
DA:3,43
DA:4,43
DA:5,43
DA:6,43
DA:7,43
DA:8,0
DA:9,0
DA:10,0
DA:11,0
DA:12,0
DA:13,0
DA:14,0
DA:15,0
DA:16,0
DA:17,0
DA:18,0
DA:19,0
DA:20,0
DA:21,0
DA:22,0
DA:23,0
DA:24,0
DA:25,0
DA:26,0
DA:27,0
DA:28,0
DA:29,0
DA:30,0
DA:31,0
DA:32,0
DA:33,0
DA:34,0
DA:35,0
DA:36,0
DA:37,0
DA:38,0
DA:39,43
DA:40,0
DA:41,0
DA:42,0
DA:43,0
DA:44,0
DA:45,0
DA:46,0
DA:47,0
DA:48,0
DA:49,0
DA:50,0
DA:51,0
DA:52,0
DA:53,0
DA:54,0
DA:55,0
DA:56,0
DA:57,0
DA:58,0
DA:59,0
DA:60,0
DA:61,0
DA:62,0
DA:63,0
DA:64,0
DA:65,0
DA:66,0
DA:67,0
DA:68,0
DA:69,0
DA:70,0
DA:71,0
DA:72,0
DA:73,0
DA:74,0
DA:75,0
DA:76,0
DA:77,43
DA:78,0
DA:79,0
DA:80,0
DA:81,0
DA:82,0
DA:83,0
DA:84,0
DA:85,0
DA:86,0
DA:87,0
DA:88,0
DA:89,0
DA:90,0
DA:91,0
DA:92,43
DA:93,0
DA:94,0
DA:95,0
DA:96,0
DA:97,0
DA:98,0
DA:99,0
DA:100,0
DA:101,43
DA:102,43
DA:103,43
DA:104,43
DA:105,0
DA:106,0
DA:107,0
DA:108,0
DA:109,0
DA:110,0
DA:111,0
DA:112,0
DA:113,0
DA:114,0
DA:115,0
DA:116,0
DA:117,0
DA:118,0
DA:119,0
DA:120,0
DA:121,0
DA:122,0
DA:123,0
DA:124,0
DA:125,0
DA:126,0
DA:127,0
DA:128,0
DA:129,0
DA:130,0
DA:131,0
DA:132,0
DA:133,0
DA:134,0
DA:135,43
DA:136,0
DA:137,0
DA:138,0
DA:139,43
DA:140,43
LF:140
LH:17
BRDA:1,0,0,43
BRF:1
BRH:1
end_of_record
TN:
SF:src\diff.js
FN:10,getRecentRefs
FN:33,isGitRepo
FN:48,getCurrentCommit
FN:63,resolveRef
FN:78,hasUncommittedChanges
FN:94,createTempCopyAtCommit
FN:142,cleanupTempDir
FN:153,getThreatId
FN:165,compareThreats
FN:198,runSilentScan
FN:227,diff
FN:385,showRefs
FNF:12
FNH:3
FNDA:2,getRecentRefs
FNDA:3,isGitRepo
FNDA:0,getCurrentCommit
FNDA:0,resolveRef
FNDA:0,hasUncommittedChanges
FNDA:0,createTempCopyAtCommit
FNDA:0,cleanupTempDir
FNDA:0,getThreatId
FNDA:0,compareThreats
FNDA:0,runSilentScan
FNDA:0,diff
FNDA:1,showRefs
DA:1,44
DA:2,44
DA:3,44
DA:4,44
DA:5,44
DA:6,44
DA:7,44
DA:8,44
DA:9,44
DA:10,2
DA:11,2
DA:12,2
DA:13,2
DA:14,2
DA:15,2
DA:16,2
DA:17,2
DA:18,2
DA:19,2
DA:20,2
DA:21,2
DA:22,2
DA:23,2
DA:24,2
DA:25,2
DA:26,0
DA:27,0
DA:28,2
DA:29,44
DA:30,44
DA:31,44
DA:32,44
DA:33,3
DA:34,3
DA:35,3
DA:36,3
DA:37,3
DA:38,3
DA:39,3
DA:40,3
DA:41,1
DA:42,1
DA:43,3
DA:44,44
DA:45,44
DA:46,44
DA:47,44
DA:48,0
DA:49,0
DA:50,0
DA:51,0
DA:52,0
DA:53,0
DA:54,0
DA:55,0
DA:56,0
DA:57,0
DA:58,0
DA:59,44
DA:60,44
DA:61,44
DA:62,44
DA:63,0
DA:64,0
DA:65,0
DA:66,0
DA:67,0
DA:68,0
DA:69,0
DA:70,0
DA:71,0
DA:72,0
DA:73,0
DA:74,44
DA:75,44
DA:76,44
DA:77,44
DA:78,0
DA:79,0
DA:80,0
DA:81,0
DA:82,0
DA:83,0
DA:84,0
DA:85,0
DA:86,0
DA:87,0
DA:88,0
DA:89,0
DA:90,44
DA:91,44
DA:92,44
DA:93,44
DA:94,0
DA:95,0
DA:96,0
DA:97,0
DA:98,0
DA:99,0
DA:100,0
DA:101,0
DA:102,0
DA:103,0
DA:104,0
DA:105,0
DA:106,0
DA:107,0
DA:108,0
DA:109,0
DA:110,0
DA:111,0
DA:112,0
DA:113,0
DA:114,0
DA:115,0
DA:116,0
DA:117,0
DA:118,0
DA:119,0
DA:120,0
DA:121,0
DA:122,0
DA:123,0
DA:124,0
DA:125,0
DA:126,0
DA:127,0
DA:128,0
DA:129,0
DA:130,0
DA:131,0
DA:132,0
DA:133,0
DA:134,0
DA:135,0
DA:136,0
DA:137,0
DA:138,44
DA:139,44
DA:140,44
DA:141,44
DA:142,0
DA:143,0
DA:144,0
DA:145,0
DA:146,0
DA:147,0
DA:148,0
DA:149,44
DA:150,44
DA:151,44
DA:152,44
DA:153,0
DA:154,0
DA:155,0
DA:156,0
DA:157,0
DA:158,0
DA:159,0
DA:160,44
DA:161,44
DA:162,44
DA:163,44
DA:164,44
DA:165,0
DA:166,0
DA:167,0
DA:168,0
DA:169,0
DA:170,0
DA:171,0
DA:172,0
DA:173,0
DA:174,0
DA:175,0
DA:176,0
DA:177,0
DA:178,0
DA:179,0
DA:180,0
DA:181,0
DA:182,0
DA:183,0
DA:184,0
DA:185,0
DA:186,0
DA:187,0
DA:188,0
DA:189,0
DA:190,0
DA:191,0
DA:192,0
DA:193,0
DA:194,44
DA:195,44
DA:196,44
DA:197,44
DA:198,0
DA:199,0
DA:200,0
DA:201,0
DA:202,0
DA:203,0
DA:204,0
DA:205,0
DA:206,0
DA:207,0
DA:208,0
DA:209,0
DA:210,0
DA:211,0
DA:212,0
DA:213,0
DA:214,0
DA:215,0
DA:216,0
DA:217,0
DA:218,0
DA:219,0
DA:220,44
DA:221,44
DA:222,44
DA:223,44
DA:224,44
DA:225,44
DA:226,44
DA:227,0
DA:228,0
DA:229,0
DA:230,0
DA:231,0
DA:232,0
DA:233,0
DA:234,0
DA:235,0
DA:236,0
DA:237,0
DA:238,0
DA:239,0
DA:240,0
DA:241,0
DA:242,0
DA:243,0
DA:244,0
DA:245,0
DA:246,0
DA:247,0
DA:248,0
DA:249,0
DA:250,0
DA:251,0
DA:252,0
DA:253,0
DA:254,0
DA:255,0
DA:256,0
DA:257,0
DA:258,0
DA:259,0
DA:260,0
DA:261,0
DA:262,0
DA:263,0
DA:264,0
DA:265,0
DA:266,0
DA:267,0
DA:268,0
DA:269,0
DA:270,0
DA:271,0
DA:272,0
DA:273,0
DA:274,0
DA:275,0
DA:276,0
DA:277,0
DA:278,0
DA:279,0
DA:280,0
DA:281,0
DA:282,0
DA:283,0
DA:284,0
DA:285,0
DA:286,0
DA:287,0
DA:288,0
DA:289,0
DA:290,0
DA:291,0
DA:292,0
DA:293,0
DA:294,0
DA:295,0
DA:296,0
DA:297,0
DA:298,0
DA:299,0
DA:300,0
DA:301,0
DA:302,0
DA:303,0
DA:304,0
DA:305,0
DA:306,0
DA:307,0
DA:308,0
DA:309,0
DA:310,0
DA:311,0
DA:312,0
DA:313,0
DA:314,0
DA:315,0
DA:316,0
DA:317,0
DA:318,0
DA:319,0
DA:320,0
DA:321,0
DA:322,0
DA:323,0
DA:324,0
DA:325,0
DA:326,0
DA:327,0
DA:328,0
DA:329,0
DA:330,0
DA:331,0
DA:332,0
DA:333,0
DA:334,0
DA:335,0
DA:336,0
DA:337,0
DA:338,0
DA:339,0
DA:340,0
DA:341,0
DA:342,0
DA:343,0
DA:344,0
DA:345,0
DA:346,0
DA:347,0
DA:348,0
DA:349,0
DA:350,0
DA:351,0
DA:352,0
DA:353,0
DA:354,0
DA:355,0
DA:356,0
DA:357,0
DA:358,0
DA:359,0
DA:360,0
DA:361,0
DA:362,0
DA:363,0
DA:364,0
DA:365,0
DA:366,0
DA:367,0
DA:368,0
DA:369,0
DA:370,0
DA:371,0
DA:372,0
DA:373,0
DA:374,0
DA:375,0
DA:376,0
DA:377,0
DA:378,0
DA:379,0
DA:380,0
DA:381,44
DA:382,44
DA:383,44
DA:384,44
DA:385,1
DA:386,1
DA:387,1
DA:388,1
DA:389,0
DA:390,0
DA:391,0
DA:392,1
DA:393,1
DA:394,1
DA:395,1
DA:396,1
DA:397,1
DA:398,1
DA:399,1
DA:400,1
DA:401,1
DA:402,1
DA:403,1
DA:404,1
DA:405,1
DA:406,1
DA:407,1
DA:408,1
DA:409,1
DA:410,1
DA:411,1
DA:412,44
DA:413,44
LF:413
LH:111
BRDA:1,0,0,44
BRDA:10,1,0,2
BRDA:25,2,0,0
BRDA:33,3,0,3
BRDA:40,4,0,1
BRDA:385,5,0,1
BRDA:388,6,0,0
BRDA:399,7,0,5
BRDA:404,8,0,15
BRF:9
BRH:7
end_of_record
TN:
SF:src\hooks-init.js
FN:8,detectHookSystem
FN:23,initHooks
FN:79,initHusky
FN:115,initPreCommit
FN:155,initGitHook
FN:201,removeHooks
FNF:6
FNH:1
FNDA:2,detectHookSystem
FNDA:0,initHooks
FNDA:0,initHusky
FNDA:0,initPreCommit
FNDA:0,initGitHook
FNDA:0,removeHooks
DA:1,44
DA:2,44
DA:3,44
DA:4,44
DA:5,44
DA:6,44
DA:7,44
DA:8,2
DA:9,2
DA:10,2
DA:11,2
DA:12,2
DA:13,2
DA:14,2
DA:15,2
DA:16,2
DA:17,2
DA:18,2
DA:19,44
DA:20,44
DA:21,44
DA:22,44
DA:23,0
DA:24,0
DA:25,0
DA:26,0
DA:27,0
DA:28,0
DA:29,0
DA:30,0
DA:31,0
DA:32,0
DA:33,0
DA:34,0
DA:35,0
DA:36,0
DA:37,0
DA:38,0
DA:39,0
DA:40,0
DA:41,0
DA:42,0
DA:43,0
DA:44,0
DA:45,0
DA:46,0
DA:47,0
DA:48,0
DA:49,0
DA:50,0
DA:51,0
DA:52,0
DA:53,0
DA:54,0
DA:55,0
DA:56,0
DA:57,0
DA:58,0
DA:59,0
DA:60,0
DA:61,0
DA:62,0
DA:63,0
DA:64,0
DA:65,0
DA:66,0
DA:67,0
DA:68,0
DA:69,0
DA:70,0
DA:71,0
DA:72,0
DA:73,0
DA:74,0
DA:75,44
DA:76,44
DA:77,44
DA:78,44
DA:79,0
DA:80,0
DA:81,0
DA:82,0
DA:83,0
DA:84,0
DA:85,0
DA:86,0
DA:87,0
DA:88,0
DA:89,0
DA:90,0
DA:91,0
DA:92,0
DA:93,0
DA:94,0
DA:95,0
DA:96,0
DA:97,0
DA:98,0
DA:99,0
DA:100,0
DA:101,0
DA:102,0
DA:103,0
DA:104,0
DA:105,0
DA:106,0
DA:107,0
DA:108,0
DA:109,0
DA:110,0
DA:111,44
DA:112,44
DA:113,44
DA:114,44
DA:115,0
DA:116,0
DA:117,0
DA:118,0
DA:119,0
DA:120,0
DA:121,0
DA:122,0
DA:123,0
DA:124,0
DA:125,0
DA:126,0
DA:127,0
DA:128,0
DA:129,0
DA:130,0
DA:131,0
DA:132,0
DA:133,0
DA:134,0
DA:135,0
DA:136,0
DA:137,0
DA:138,0
DA:139,0
DA:140,0
DA:141,0
DA:142,0
DA:143,0
DA:144,0
DA:145,0
DA:146,0
DA:147,0
DA:148,0
DA:149,0
DA:150,0
DA:151,44
DA:152,44
DA:153,44
DA:154,44
DA:155,0
DA:156,0
DA:157,0
DA:158,0
DA:159,0
DA:160,0
DA:161,0
DA:162,0
DA:163,0
DA:164,0
DA:165,0
DA:166,0
DA:167,0
DA:168,0
DA:169,0
DA:170,0
DA:171,0
DA:172,0
DA:173,0
DA:174,0
DA:175,0
DA:176,0
DA:177,0
DA:178,0
DA:179,0
DA:180,0
DA:181,0
DA:182,0
DA:183,0
DA:184,0
DA:185,0
DA:186,0
DA:187,0
DA:188,0
DA:189,0
DA:190,0
DA:191,0
DA:192,0
DA:193,0
DA:194,0
DA:195,0
DA:196,0
DA:197,44
DA:198,44
DA:199,44
DA:200,44
DA:201,0
DA:202,0
DA:203,0
DA:204,0
DA:205,0
DA:206,0
DA:207,0
DA:208,0
DA:209,0
DA:210,0
DA:211,0
DA:212,0
DA:213,0
DA:214,0
DA:215,0
DA:216,0
DA:217,0
DA:218,0
DA:219,0
DA:220,0
DA:221,0
DA:222,0
DA:223,0
DA:224,0
DA:225,0
DA:226,0
DA:227,0
DA:228,0
DA:229,0
DA:230,0
DA:231,0
DA:232,0
DA:233,44
DA:234,44
LF:234
LH:40
BRDA:1,0,0,44
BRDA:8,1,0,2
BRF:2
BRH:2
end_of_record
TN:
SF:src\index.js
FN:51,scanParanoid
FN:104,run
FNF:2
FNH:1
FNDA:0,scanParanoid
FNDA:39,run
DA:1,44
DA:2,44
DA:3,44
DA:4,44
DA:5,44
DA:6,44
DA:7,44
DA:8,44
DA:9,44
DA:10,44
DA:11,44
DA:12,44
DA:13,44
DA:14,44
DA:15,44
DA:16,44
DA:17,44
DA:18,44
DA:19,44
DA:20,44
DA:21,44
DA:22,44
DA:23,44
DA:24,44
DA:25,44
DA:26,44
DA:27,44
DA:28,44
DA:29,44
DA:30,44
DA:31,44
DA:32,44
DA:33,44
DA:34,44
DA:35,44
DA:36,44
DA:37,44
DA:38,44
DA:39,44
DA:40,44
DA:41,44
DA:42,44
DA:43,44
DA:44,44
DA:45,44
DA:46,44
DA:47,44
DA:48,44
DA:49,44
DA:50,44
DA:51,0
DA:52,0
DA:53,0
DA:54,0
DA:55,0
DA:56,0
DA:57,0
DA:58,0
DA:59,0
DA:60,0
DA:61,0
DA:62,0
DA:63,0
DA:64,0
DA:65,0
DA:66,0
DA:67,0
DA:68,0
DA:69,0
DA:70,0
DA:71,0
DA:72,0
DA:73,0
DA:74,0
DA:75,0
DA:76,0
DA:77,0
DA:78,0
DA:79,0
DA:80,0
DA:81,0
DA:82,0
DA:83,0
DA:84,0
DA:85,0
DA:86,0
DA:87,0
DA:88,0
DA:89,0
DA:90,0
DA:91,0
DA:92,0
DA:93,0
DA:94,0
DA:95,0
DA:96,0
DA:97,0
DA:98,0
DA:99,0
DA:100,0
DA:101,0
DA:102,0
DA:103,44
DA:104,39
DA:105,39
DA:106,39
DA:107,39
DA:108,39
DA:109,39
DA:110,39
DA:111,39
DA:112,39
DA:113,39
DA:114,39
DA:115,39
DA:116,39
DA:117,39
DA:118,39
DA:119,39
DA:120,39
DA:121,39
DA:122,39
DA:123,39
DA:124,39
DA:125,39
DA:126,39
DA:127,39
DA:128,39
DA:129,39
DA:130,39
DA:131,39
DA:132,39
DA:133,39
DA:134,39
DA:135,39
DA:136,39
DA:137,39
DA:138,39
DA:139,39
DA:140,39
DA:141,39
DA:142,0
DA:143,0
DA:144,0
DA:145,0
DA:146,39
DA:147,39
DA:148,39
DA:149,159
DA:150,159
DA:151,159
DA:152,159
DA:153,159
DA:154,159
DA:155,159
DA:156,159
DA:157,159
DA:158,159
DA:159,39
DA:160,39
DA:161,39
DA:162,39
DA:163,39
DA:164,39
DA:165,39
DA:166,39
DA:167,39
DA:168,39
DA:169,39
DA:170,39
DA:171,39
DA:172,39
DA:173,39
DA:174,35
DA:175,16
DA:176,39
DA:177,39
DA:178,39
DA:179,39
DA:180,39
DA:181,39
DA:182,39
DA:183,39
DA:184,39
DA:185,39
DA:186,39
DA:187,39
DA:188,39
DA:189,39
DA:190,39
DA:191,39
DA:192,39
DA:193,39
DA:194,1
DA:195,1
DA:196,38
DA:197,38
DA:198,1
DA:199,1
DA:200,1
DA:201,37
DA:202,37
DA:203,1
DA:204,1
DA:205,1
DA:206,36
DA:207,36
DA:208,4
DA:209,4
DA:210,4
DA:211,0
DA:212,4
DA:213,4
DA:214,4
DA:215,17
DA:216,17
DA:217,17
DA:218,17
DA:219,17
DA:220,17
DA:221,17
DA:222,17
DA:223,17
DA:224,14
DA:225,14
DA:226,14
DA:227,17
DA:228,17
DA:229,4
DA:230,4
DA:231,4
DA:232,32
DA:233,32
DA:234,32
DA:235,32
DA:236,32
DA:237,32
DA:238,32
DA:239,32
DA:240,6
DA:241,32
DA:242,26
DA:243,26
DA:244,127
DA:245,127
DA:246,127
DA:247,26
DA:248,26
DA:249,26
DA:250,26
DA:251,127
DA:252,127
DA:253,127
DA:254,127
DA:255,26
DA:256,26
DA:257,32
DA:258,39
DA:259,39
DA:260,39
DA:261,0
DA:262,0
DA:263,0
DA:264,0
DA:265,0
DA:266,0
DA:267,0
DA:268,39
DA:269,39
DA:270,39
DA:271,39
DA:272,39
DA:273,39
DA:274,39
DA:275,39
DA:276,39
DA:277,39
DA:278,39
DA:279,39
DA:280,39
DA:281,39
DA:282,39
DA:283,44
DA:284,44
LF:284
LH:220
BRDA:1,0,0,44
BRDA:104,1,0,39
BRDA:141,2,0,0
BRDA:172,3,0,4
BRDA:173,4,0,35
BRDA:173,5,0,19
BRDA:174,6,0,16
BRDA:174,7,0,10
BRDA:175,8,0,6
BRDA:175,9,0,0
BRDA:193,10,0,1
BRDA:196,11,0,38
BRDA:197,12,0,1
BRDA:201,13,0,37
BRDA:202,14,0,1
BRDA:206,15,0,36
BRDA:207,16,0,4
BRDA:210,17,0,0
BRDA:232,18,0,32
BRDA:239,19,0,6
BRDA:241,20,0,26
BRDA:260,21,0,0
BRDA:260,22,0,0
BRDA:270,23,0,0
BRDA:278,24,0,0
BRDA:148,25,0,159
BRDA:152,26,0,0
BRDA:153,27,0,0
BRDA:154,28,0,0
BRDA:155,29,0,0
BRDA:162,30,0,159
BRDA:163,31,0,159
BRDA:164,32,0,159
BRDA:214,33,0,17
BRDA:219,34,0,0
BRDA:222,35,0,14
BRDA:223,36,0,14
BRDA:225,37,0,21
BRDA:243,38,0,127
BRDA:250,39,0,127
BRDA:279,40,0,159
BRF:41
BRH:29
end_of_record
TN:
SF:src\report.js
FN:4,generateHTML
FN:146,saveReport
FNF:2
FNH:2
FNDA:1,generateHTML
FNDA:1,saveReport
DA:1,44
DA:2,44
DA:3,44
DA:4,1
DA:5,1
DA:6,1
DA:7,1
DA:8,5
DA:9,5
DA:10,5
DA:11,5
DA:12,5
DA:13,5
DA:14,5
DA:15,1
DA:16,1
DA:17,1
DA:18,1
DA:19,1
DA:20,1
DA:21,1
DA:22,1
DA:23,1
DA:24,1
DA:25,1
DA:26,1
DA:27,1
DA:28,1
DA:29,1
DA:30,1
DA:31,1
DA:32,1
DA:33,1
DA:34,1
DA:35,1
DA:36,1
DA:37,1
DA:38,1
DA:39,1
DA:40,1
DA:41,1
DA:42,1
DA:43,1
DA:44,1
DA:45,1
DA:46,1
DA:47,1
DA:48,1
DA:49,1
DA:50,1
DA:51,1
DA:52,1
DA:53,1
DA:54,1
DA:55,1
DA:56,1
DA:57,1
DA:58,1
DA:59,1
DA:60,1
DA:61,1
DA:62,1
DA:63,1
DA:64,1
DA:65,1
DA:66,1
DA:67,1
DA:68,1
DA:69,1
DA:70,1
DA:71,1
DA:72,1
DA:73,1
DA:74,1
DA:75,1
DA:76,1
DA:77,1
DA:78,1
DA:79,1
DA:80,1
DA:81,1
DA:82,1
DA:83,1
DA:84,1
DA:85,1
DA:86,1
DA:87,1
DA:88,1
DA:89,1
DA:90,1
DA:91,1
DA:92,1
DA:93,1
DA:94,1
DA:95,1
DA:96,1
DA:97,1
DA:98,1
DA:99,1
DA:100,1
DA:101,1
DA:102,1
DA:103,1
DA:104,1
DA:105,1
DA:106,1
DA:107,1
DA:108,1
DA:109,1
DA:110,1
DA:111,1
DA:112,1
DA:113,1
DA:114,1
DA:115,1
DA:116,1
DA:117,1
DA:118,1
DA:119,1
DA:120,1
DA:121,1
DA:122,1
DA:123,1
DA:124,1
DA:125,1
DA:126,1
DA:127,1
DA:128,1
DA:129,1
DA:130,1
DA:131,1
DA:132,1
DA:133,1
DA:134,1
DA:135,1
DA:136,1
DA:137,1
DA:138,1
DA:139,1
DA:140,1
DA:141,1
DA:142,1
DA:143,1
DA:144,1
DA:145,44
DA:146,1
DA:147,1
DA:148,1
DA:149,1
DA:150,1
DA:151,44
DA:152,44
LF:152
LH:152
BRDA:1,0,0,44
BRDA:4,1,0,1
BRDA:134,2,0,0
BRDA:7,3,0,5
BRDA:146,4,0,1
BRF:5
BRH:4
end_of_record
TN:
SF:src\safe-install.js
FN:13,isValidPackageName
FN:33,checkRehabilitated
FN:52,checkIOCs
FN:87,scanPackageRecursive
FN:188,safeInstall
FNF:5
FNH:2
FNDA:6,isValidPackageName
FNDA:6,checkRehabilitated
FNDA:0,checkIOCs
FNDA:0,scanPackageRecursive
FNDA:0,safeInstall
DA:1,44
DA:2,44
DA:3,44
DA:4,44
DA:5,44
DA:6,44
DA:7,44
DA:8,44
DA:9,44
DA:10,44
DA:11,44
DA:12,44
DA:13,6
DA:14,6
DA:15,6
DA:16,6
DA:17,6
DA:18,44
DA:19,44
DA:20,44
DA:21,44
DA:22,44
DA:23,44
DA:24,44
DA:25,44
DA:26,44
DA:27,44
DA:28,44
DA:29,44
DA:30,44
DA:31,44
DA:32,44
DA:33,6
DA:34,6
DA:35,6
DA:36,5
DA:37,5
DA:38,6
DA:39,3
DA:40,3
DA:41,2
DA:42,2
DA:43,6
DA:44,1
DA:45,1
DA:46,1
DA:47,1
DA:48,1
DA:49,6
DA:50,44
DA:51,44
DA:52,0
DA:53,0
DA:54,0
DA:55,0
DA:56,0
DA:57,0
DA:58,0
DA:59,0
DA:60,0
DA:61,0
DA:62,0
DA:63,0
DA:64,0
DA:65,0
DA:66,0
DA:67,0
DA:68,0
DA:69,0
DA:70,0
DA:71,0
DA:72,0
DA:73,0
DA:74,0
DA:75,0
DA:76,0
DA:77,0
DA:78,0
DA:79,0
DA:80,0
DA:81,0
DA:82,0
DA:83,0
DA:84,0
DA:85,44
DA:86,44
DA:87,0
DA:88,0
DA:89,0
DA:90,0
DA:91,0
DA:92,0
DA:93,0
DA:94,0
DA:95,0
DA:96,0
DA:97,0
DA:98,0
DA:99,0
DA:100,0
DA:101,0
DA:102,0
DA:103,0
DA:104,0
DA:105,0
DA:106,0
DA:107,0
DA:108,0
DA:109,0
DA:110,0
DA:111,0
DA:112,0
DA:113,0
DA:114,0
DA:115,0
DA:116,0
DA:117,0
DA:118,0
DA:119,0
DA:120,0
DA:121,0
DA:122,0
DA:123,0
DA:124,0
DA:125,0
DA:126,0
DA:127,0
DA:128,0
DA:129,0
DA:130,0
DA:131,0
DA:132,0
DA:133,0
DA:134,0
DA:135,0
DA:136,0
DA:137,0
DA:138,0
DA:139,0
DA:140,0
DA:141,0
DA:142,0
DA:143,0
DA:144,0
DA:145,0
DA:146,0
DA:147,0
DA:148,0
DA:149,0
DA:150,0
DA:151,0
DA:152,0
DA:153,0
DA:154,0
DA:155,0
DA:156,0
DA:157,0
DA:158,0
DA:159,0
DA:160,0
DA:161,0
DA:162,0
DA:163,0
DA:164,0
DA:165,0
DA:166,0
DA:167,0
DA:168,0
DA:169,0
DA:170,0
DA:171,0
DA:172,0
DA:173,0
DA:174,0
DA:175,0
DA:176,0
DA:177,0
DA:178,0
DA:179,0
DA:180,0
DA:181,0
DA:182,0
DA:183,0
DA:184,0
DA:185,0
DA:186,0
DA:187,44
DA:188,0
DA:189,0
DA:190,0
DA:191,0
DA:192,0
DA:193,0
DA:194,0
DA:195,0
DA:196,0
DA:197,0
DA:198,0
DA:199,0
DA:200,0
DA:201,0
DA:202,0
DA:203,0
DA:204,0
DA:205,0
DA:206,0
DA:207,0
DA:208,0
DA:209,0
DA:210,0
DA:211,0
DA:212,0
DA:213,0
DA:214,0
DA:215,0
DA:216,0
DA:217,0
DA:218,0
DA:219,0
DA:220,0
DA:221,0
DA:222,0
DA:223,0
DA:224,0
DA:225,0
DA:226,0
DA:227,0
DA:228,0
DA:229,0
DA:230,0
DA:231,0
DA:232,0
DA:233,0
DA:234,0
DA:235,0
DA:236,0
DA:237,0
DA:238,0
DA:239,0
DA:240,0
DA:241,0
DA:242,0
DA:243,0
DA:244,0
DA:245,0
DA:246,0
DA:247,0
DA:248,0
DA:249,0
DA:250,0
DA:251,0
DA:252,0
DA:253,0
DA:254,0
DA:255,0
DA:256,0
DA:257,0
DA:258,0
DA:259,44
DA:260,44
LF:260
LH:56
BRDA:1,0,0,44
BRDA:13,1,0,6
BRDA:16,2,0,4
BRDA:16,3,0,0
BRDA:15,4,0,7
BRDA:15,5,0,1
BRDA:33,6,0,6
BRDA:35,7,0,1
BRDA:36,8,0,5
BRDA:38,9,0,3
BRDA:41,10,0,2
BRDA:43,11,0,1
BRF:12
BRH:11
end_of_record
TN:
SF:src\sandbox.js
FN:6,buildSandboxImage
FN:28,runSandbox
FN:107,analyzeResults
FNF:3
FNH:0
FNDA:0,buildSandboxImage
FNDA:0,runSandbox
FNDA:0,analyzeResults
DA:1,43
DA:2,43
DA:3,43
DA:4,43
DA:5,43
DA:6,0
DA:7,0
DA:8,0
DA:9,0
DA:10,0
DA:11,0
DA:12,0
DA:13,0
DA:14,0
DA:15,0
DA:16,0
DA:17,0
DA:18,0
DA:19,0
DA:20,0
DA:21,0
DA:22,0
DA:23,0
DA:24,0
DA:25,0
DA:26,0
DA:27,43
DA:28,0
DA:29,0
DA:30,0
DA:31,0
DA:32,0
DA:33,0
DA:34,0
DA:35,0
DA:36,0
DA:37,0
DA:38,0
DA:39,0
DA:40,0
DA:41,0
DA:42,0
DA:43,0
DA:44,0
DA:45,0
DA:46,0
DA:47,0
DA:48,0
DA:49,0
DA:50,0
DA:51,0
DA:52,0
DA:53,0
DA:54,0
DA:55,0
DA:56,0
DA:57,0
DA:58,0
DA:59,0
DA:60,0
DA:61,0
DA:62,0
DA:63,0
DA:64,0
DA:65,0
DA:66,0
DA:67,0
DA:68,0
DA:69,0
DA:70,0
DA:71,0
DA:72,0
DA:73,0
DA:74,0
DA:75,0
DA:76,0
DA:77,0
DA:78,0
DA:79,0
DA:80,0
DA:81,0
DA:82,0
DA:83,0
DA:84,0
DA:85,0
DA:86,0
DA:87,0
DA:88,0
DA:89,0
DA:90,0
DA:91,0
DA:92,0
DA:93,0
DA:94,0
DA:95,0
DA:96,0
DA:97,0
DA:98,0
DA:99,0
DA:100,0
DA:101,0
DA:102,0
DA:103,0
DA:104,0
DA:105,0
DA:106,43
DA:107,0
DA:108,0
DA:109,0
DA:110,0
DA:111,0
DA:112,0
DA:113,0
DA:114,0
DA:115,0
DA:116,0
DA:117,0
DA:118,0
DA:119,0
DA:120,0
DA:121,0
DA:122,0
DA:123,0
DA:124,0
DA:125,0
DA:126,0
DA:127,0
DA:128,0
DA:129,0
DA:130,0
DA:131,0
DA:132,0
DA:133,0
DA:134,0
DA:135,0
DA:136,0
DA:137,0
DA:138,0
DA:139,0
DA:140,0
DA:141,0
DA:142,0
DA:143,0
DA:144,0
DA:145,0
DA:146,0
DA:147,0
DA:148,0
DA:149,0
DA:150,0
DA:151,0
DA:152,0
DA:153,0
DA:154,0
DA:155,0
DA:156,0
DA:157,43
DA:158,43
LF:158
LH:9
BRDA:1,0,0,43
BRF:1
BRH:1
end_of_record
TN:
SF:src\sarif.js
FN:3,generateSARIF
FN:57,sarifLevel
FN:67,saveSARIF
FNF:3
FNH:3
FNDA:1,generateSARIF
FNDA:5,sarifLevel
FNDA:1,saveSARIF
DA:1,44
DA:2,44
DA:3,1
DA:4,1
DA:5,1
DA:6,1
DA:7,1
DA:8,1
DA:9,1
DA:10,1
DA:11,1
DA:12,1
DA:13,1
DA:14,1
DA:15,16
DA:16,16
DA:17,16
DA:18,16
DA:19,16
DA:20,16
DA:21,16
DA:22,16
DA:23,16
DA:24,16
DA:25,1
DA:26,1
DA:27,1
DA:28,1
DA:29,5
DA:30,5
DA:31,5
DA:32,5
DA:33,5
DA:34,5
DA:35,5
DA:36,5
DA:37,5
DA:38,5
DA:39,5
DA:40,5
DA:41,5
DA:42,5
DA:43,5
DA:44,5
DA:45,5
DA:46,5
DA:47,5
DA:48,5
DA:49,1
DA:50,1
DA:51,1
DA:52,1
DA:53,1
DA:54,1
DA:55,1
DA:56,44
DA:57,5
DA:58,5
DA:59,5
DA:60,5
DA:61,5
DA:62,5
DA:63,5
DA:64,5
DA:65,5
DA:66,44
DA:67,1
DA:68,1
DA:69,1
DA:70,1
DA:71,1
DA:72,1
DA:73,44
DA:74,44
LF:74
LH:74
BRDA:1,0,0,44
BRDA:3,1,0,1
BRDA:14,2,0,16
BRDA:19,3,0,0
BRDA:28,4,0,5
BRDA:57,5,0,5
BRDA:59,6,0,1
BRDA:60,7,0,4
BRDA:61,8,0,0
BRDA:62,9,0,0
BRDA:63,10,0,0
BRDA:67,11,0,1
BRF:12
BRH:8
end_of_record
TN:
SF:src\utils.js
FN:40,isDevFile
FN:51,findFiles
FN:83,findJsFiles
FN:92,escapeHtml
FNF:4
FNH:4
FNDA:56,isDevFile
FNDA:156,findFiles
FNDA:117,findJsFiles
FNDA:32,escapeHtml
DA:1,44
DA:2,44
DA:3,44
DA:4,44
DA:5,44
DA:6,44
DA:7,44
DA:8,44
DA:9,44
DA:10,44
DA:11,44
DA:12,44
DA:13,44
DA:14,44
DA:15,44
DA:16,44
DA:17,44
DA:18,44
DA:19,44
DA:20,44
DA:21,44
DA:22,44
DA:23,44
DA:24,44
DA:25,44
DA:26,44
DA:27,44
DA:28,44
DA:29,44
DA:30,44
DA:31,44
DA:32,44
DA:33,44
DA:34,44
DA:35,44
DA:36,44
DA:37,44
DA:38,44
DA:39,44
DA:40,56
DA:41,56
DA:42,56
DA:43,44
DA:44,44
DA:45,44
DA:46,44
DA:47,44
DA:48,44
DA:49,44
DA:50,44
DA:51,156
DA:52,156
DA:53,156
DA:54,156
DA:55,156
DA:56,156
DA:57,156
DA:58,156
DA:59,156
DA:60,156
DA:61,156
DA:62,156
DA:63,156
DA:64,156
DA:65,0
DA:66,156
DA:67,88
DA:68,88
DA:69,156
DA:70,0
DA:71,0
DA:72,156
DA:73,156
DA:74,156
DA:75,156
DA:76,44
DA:77,44
DA:78,44
DA:79,44
DA:80,44
DA:81,44
DA:82,44
DA:83,117
DA:84,117
DA:85,117
DA:86,44
DA:87,44
DA:88,44
DA:89,44
DA:90,44
DA:91,44
DA:92,32
DA:93,32
DA:94,32
DA:95,32
DA:96,32
DA:97,32
DA:98,32
DA:99,32
DA:100,32
DA:101,44
DA:102,44
DA:103,44
DA:104,44
DA:105,44
DA:106,44
DA:107,44
DA:108,44
DA:109,44
LF:109
LH:106
BRDA:1,0,0,44
BRDA:40,1,0,56
BRDA:41,2,0,896
BRDA:51,3,0,156
BRDA:52,4,0,0
BRDA:57,5,0,0
BRDA:64,6,0,0
BRDA:66,7,0,88
BRDA:69,8,0,0
BRDA:83,9,0,117
BRDA:92,10,0,32
BRDA:93,11,0,0
BRF:12
BRH:7
end_of_record
TN:
SF:src\watch.js
FN:7,watch
FNF:1
FNH:0
FNDA:0,watch
DA:1,43
DA:2,43
DA:3,43
DA:4,43
DA:5,43
DA:6,43
DA:7,0
DA:8,0
DA:9,0
DA:10,0
DA:11,0
DA:12,0
DA:13,0
DA:14,0
DA:15,0
DA:16,0
DA:17,0
DA:18,0
DA:19,0
DA:20,0
DA:21,0
DA:22,0
DA:23,0
DA:24,0
DA:25,0
DA:26,0
DA:27,0
DA:28,0
DA:29,0
DA:30,0
DA:31,0
DA:32,0
DA:33,0
DA:34,0
DA:35,0
DA:36,43
DA:37,43
LF:37
LH:8
BRDA:1,0,0,43
BRF:1
BRH:1
end_of_record
TN:
SF:src\webhook.js
FN:18,validateWebhookUrl
FN:57,sendWebhook
FN:80,formatDiscord
FN:136,formatSlack
FN:209,formatGeneric
FN:224,send
FNF:6
FNH:1
FNDA:7,validateWebhookUrl
FNDA:0,sendWebhook
FNDA:0,formatDiscord
FNDA:0,formatSlack
FNDA:0,formatGeneric
FNDA:0,send
DA:1,44
DA:2,44
DA:3,44
DA:4,44
DA:5,44
DA:6,44
DA:7,44
DA:8,44
DA:9,44
DA:10,44
DA:11,44
DA:12,44
DA:13,44
DA:14,44
DA:15,44
DA:16,44
DA:17,44
DA:18,7
DA:19,7
DA:20,7
DA:21,7
DA:22,7
DA:23,7
DA:24,1
DA:25,1
DA:26,6
DA:27,6
DA:28,6
DA:29,6
DA:30,24
DA:31,6
DA:32,6
DA:33,7
DA:34,4
DA:35,4
DA:36,2
DA:37,2
DA:38,2
DA:39,2
DA:40,2
DA:41,2
DA:42,2
DA:43,2
DA:44,2
DA:45,2
DA:46,2
DA:47,7
DA:48,0
DA:49,0
DA:50,2
DA:51,2
DA:52,7
DA:53,0
DA:54,0
DA:55,7
DA:56,44
DA:57,0
DA:58,0
DA:59,0
DA:60,0
DA:61,0
DA:62,0
DA:63,0
DA:64,0
DA:65,0
DA:66,0
DA:67,0
DA:68,0
DA:69,0
DA:70,0
DA:71,0
DA:72,0
DA:73,0
DA:74,0
DA:75,0
DA:76,0
DA:77,0
DA:78,0
DA:79,44
DA:80,0
DA:81,0
DA:82,0
DA:83,0
DA:84,0
DA:85,0
DA:86,0
DA:87,0
DA:88,0
DA:89,0
DA:90,0
DA:91,0
DA:92,0
DA:93,0
DA:94,0
DA:95,0
DA:96,0
DA:97,0
DA:98,0
DA:99,0
DA:100,0
DA:101,0
DA:102,0
DA:103,0
DA:104,0
DA:105,0
DA:106,0
DA:107,0
DA:108,0
DA:109,0
DA:110,0
DA:111,0
DA:112,0
DA:113,0
DA:114,0
DA:115,0
DA:116,0
DA:117,0
DA:118,0
DA:119,0
DA:120,0
DA:121,0
DA:122,0
DA:123,0
DA:124,0
DA:125,0
DA:126,0
DA:127,0
DA:128,0
DA:129,0
DA:130,0
DA:131,0
DA:132,0
DA:133,0
DA:134,0
DA:135,44
DA:136,0
DA:137,0
DA:138,0
DA:139,0
DA:140,0
DA:141,0
DA:142,0
DA:143,0
DA:144,0
DA:145,0
DA:146,0
DA:147,0
DA:148,0
DA:149,0
DA:150,0
DA:151,0
DA:152,0
DA:153,0
DA:154,0
DA:155,0
DA:156,0
DA:157,0
DA:158,0
DA:159,0
DA:160,0
DA:161,0
DA:162,0
DA:163,0
DA:164,0
DA:165,0
DA:166,0
DA:167,0
DA:168,0
DA:169,0
DA:170,0
DA:171,0
DA:172,0
DA:173,0
DA:174,0
DA:175,0
DA:176,0
DA:177,0
DA:178,0
DA:179,0
DA:180,0
DA:181,0
DA:182,0
DA:183,0
DA:184,0
DA:185,0
DA:186,0
DA:187,0
DA:188,0
DA:189,0
DA:190,0
DA:191,0
DA:192,0
DA:193,0
DA:194,0
DA:195,0
DA:196,0
DA:197,0
DA:198,0
DA:199,0
DA:200,0
DA:201,0
DA:202,0
DA:203,0
DA:204,0
DA:205,0
DA:206,0
DA:207,0
DA:208,44
DA:209,0
DA:210,0
DA:211,0
DA:212,0
DA:213,0
DA:214,0
DA:215,0
DA:216,0
DA:217,0
DA:218,0
DA:219,0
DA:220,0
DA:221,0
DA:222,0
DA:223,44
DA:224,0
DA:225,0
DA:226,0
DA:227,0
DA:228,0
DA:229,0
DA:230,0
DA:231,0
DA:232,0
DA:233,0
DA:234,0
DA:235,0
DA:236,0
DA:237,0
DA:238,0
DA:239,0
DA:240,0
DA:241,0
DA:242,0
DA:243,0
DA:244,0
DA:245,0
DA:246,0
DA:247,0
DA:248,0
DA:249,0
DA:250,0
DA:251,0
DA:252,0
DA:253,0
DA:254,0
DA:255,0
DA:256,44
DA:257,44
LF:257
LH:58
BRDA:1,0,0,44
BRDA:18,1,0,7
BRDA:23,2,0,1
BRDA:23,3,0,1
BRDA:26,4,0,6
BRDA:33,5,0,4
BRDA:33,6,0,4
BRDA:36,7,0,2
BRDA:47,8,0,0
BRDA:50,9,0,2
BRDA:52,10,0,0
BRDA:29,11,0,24
BRDA:30,12,0,22
BRDA:47,13,0,12
BRF:14
BRH:12
end_of_record
TN:
SF:src\ioc\scraper.js
FN:23,isAllowedRedirect
FN:42,parseCSVLine
FN:88,parseCSV
FN:103,loadStaticIOCs
FN:114,fetchJSON
FN:165,fetchText
FN:210,scrapeShaiHuludDetector
FN:265,scrapeDatadogIOCs
FN:351,scrapeOSSFMaliciousPackages
FN:431,scrapeGitHubAdvisory
FN:488,scrapeStaticIOCs
FN:546,scrapeSnykMalware
FN:598,runScraper
FNF:13
FNH:0
FNDA:0,isAllowedRedirect
FNDA:0,parseCSVLine
FNDA:0,parseCSV
FNDA:0,loadStaticIOCs
FNDA:0,fetchJSON
FNDA:0,fetchText
FNDA:0,scrapeShaiHuludDetector
FNDA:0,scrapeDatadogIOCs
FNDA:0,scrapeOSSFMaliciousPackages
FNDA:0,scrapeGitHubAdvisory
FNDA:0,scrapeStaticIOCs
FNDA:0,scrapeSnykMalware
FNDA:0,runScraper
DA:1,44
DA:2,44
DA:3,44
DA:4,44
DA:5,44
DA:6,44
DA:7,44
DA:8,44
DA:9,44
DA:10,44
DA:11,44
DA:12,44
DA:13,44
DA:14,44
DA:15,44
DA:16,44
DA:17,44
DA:18,44
DA:19,44
DA:20,44
DA:21,44
DA:22,44
DA:23,0
DA:24,0
DA:25,0
DA:26,0
DA:27,0
DA:28,0
DA:29,0
DA:30,0
DA:31,44
DA:32,44
DA:33,44
DA:34,44
DA:35,44
DA:36,44
DA:37,44
DA:38,44
DA:39,44
DA:40,44
DA:41,44
DA:42,0
DA:43,0
DA:44,0
DA:45,0
DA:46,0
DA:47,0
DA:48,0
DA:49,0
DA:50,0
DA:51,0
DA:52,0
DA:53,0
DA:54,0
DA:55,0
DA:56,0
DA:57,0
DA:58,0
DA:59,0
DA:60,0
DA:61,0
DA:62,0
DA:63,0
DA:64,0
DA:65,0
DA:66,0
DA:67,0
DA:68,0
DA:69,0
DA:70,0
DA:71,0
DA:72,0
DA:73,0
DA:74,0
DA:75,0
DA:76,0
DA:77,0
DA:78,0
DA:79,0
DA:80,0
DA:81,44
DA:82,44
DA:83,44
DA:84,44
DA:85,44
DA:86,44
DA:87,44
DA:88,0
DA:89,0
DA:90,0
DA:91,0
DA:92,0
DA:93,0
DA:94,0
DA:95,0
DA:96,0
DA:97,0
DA:98,0
DA:99,0
DA:100,0
DA:101,0
DA:102,44
DA:103,0
DA:104,0
DA:105,0
DA:106,0
DA:107,0
DA:108,0
DA:109,0
DA:110,0
DA:111,0
DA:112,0
DA:113,44
DA:114,0
DA:115,0
DA:116,0
DA:117,0
DA:118,0
DA:119,0
DA:120,0
DA:121,0
DA:122,0
DA:123,0
DA:124,0
DA:125,0
DA:126,0
DA:127,0
DA:128,0
DA:129,0
DA:130,0
DA:131,0
DA:132,0
DA:133,0
DA:134,0
DA:135,0
DA:136,0
DA:137,0
DA:138,0
DA:139,0
DA:140,0
DA:141,0
DA:142,0
DA:143,0
DA:144,0
DA:145,0
DA:146,0
DA:147,0
DA:148,0
DA:149,0
DA:150,0
DA:151,0
DA:152,0
DA:153,0
DA:154,0
DA:155,0
DA:156,0
DA:157,0
DA:158,0
DA:159,0
DA:160,0
DA:161,0
DA:162,0
DA:163,0
DA:164,44
DA:165,0
DA:166,0
DA:167,0
DA:168,0
DA:169,0
DA:170,0
DA:171,0
DA:172,0
DA:173,0
DA:174,0
DA:175,0
DA:176,0
DA:177,0
DA:178,0
DA:179,0
DA:180,0
DA:181,0
DA:182,0
DA:183,0
DA:184,0
DA:185,0
DA:186,0
DA:187,0
DA:188,0
DA:189,0
DA:190,0
DA:191,0
DA:192,0
DA:193,0
DA:194,0
DA:195,0
DA:196,0
DA:197,0
DA:198,0
DA:199,0
DA:200,0
DA:201,0
DA:202,0
DA:203,0
DA:204,0
DA:205,44
DA:206,44
DA:207,44
DA:208,44
DA:209,44
DA:210,0
DA:211,0
DA:212,0
DA:213,0
DA:214,0
DA:215,0
DA:216,0
DA:217,0
DA:218,0
DA:219,0
DA:220,0
DA:221,0
DA:222,0
DA:223,0
DA:224,0
DA:225,0
DA:226,0
DA:227,0
DA:228,0
DA:229,0
DA:230,0
DA:231,0
DA:232,0
DA:233,0
DA:234,0
DA:235,0
DA:236,0
DA:237,0
DA:238,0
DA:239,0
DA:240,0
DA:241,0
DA:242,0
DA:243,0
DA:244,0
DA:245,0
DA:246,0
DA:247,0
DA:248,0
DA:249,0
DA:250,0
DA:251,0
DA:252,0
DA:253,0
DA:254,0
DA:255,0
DA:256,0
DA:257,0
DA:258,0
DA:259,0
DA:260,44
DA:261,44
DA:262,44
DA:263,44
DA:264,44
DA:265,0
DA:266,0
DA:267,0
DA:268,0
DA:269,0
DA:270,0
DA:271,0
DA:272,0
DA:273,0
DA:274,0
DA:275,0
DA:276,0
DA:277,0
DA:278,0
DA:279,0
DA:280,0
DA:281,0
DA:282,0
DA:283,0
DA:284,0
DA:285,0
DA:286,0
DA:287,0
DA:288,0
DA:289,0
DA:290,0
DA:291,0
DA:292,0
DA:293,0
DA:294,0
DA:295,0
DA:296,0
DA:297,0
DA:298,0
DA:299,0
DA:300,0
DA:301,0
DA:302,0
DA:303,0
DA:304,0
DA:305,0
DA:306,0
DA:307,0
DA:308,0
DA:309,0
DA:310,0
DA:311,0
DA:312,0
DA:313,0
DA:314,0
DA:315,0
DA:316,0
DA:317,0
DA:318,0
DA:319,0
DA:320,0
DA:321,0
DA:322,0
DA:323,0
DA:324,0
DA:325,0
DA:326,0
DA:327,0
DA:328,0
DA:329,0
DA:330,0
DA:331,0
DA:332,0
DA:333,0
DA:334,0
DA:335,0
DA:336,0
DA:337,0
DA:338,0
DA:339,0
DA:340,0
DA:341,0
DA:342,0
DA:343,0
DA:344,0
DA:345,0
DA:346,44
DA:347,44
DA:348,44
DA:349,44
DA:350,44
DA:351,0
DA:352,0
DA:353,0
DA:354,0
DA:355,0
DA:356,0
DA:357,0
DA:358,0
DA:359,0
DA:360,0
DA:361,0
DA:362,0
DA:363,0
DA:364,0
DA:365,0
DA:366,0
DA:367,0
DA:368,0
DA:369,0
DA:370,0
DA:371,0
DA:372,0
DA:373,0
DA:374,0
DA:375,0
DA:376,0
DA:377,0
DA:378,0
DA:379,0
DA:380,0
DA:381,0
DA:382,0
DA:383,0
DA:384,0
DA:385,0
DA:386,0
DA:387,0
DA:388,0
DA:389,0
DA:390,0
DA:391,0
DA:392,0
DA:393,0
DA:394,0
DA:395,0
DA:396,0
DA:397,0
DA:398,0
DA:399,0
DA:400,0
DA:401,0
DA:402,0
DA:403,0
DA:404,0
DA:405,0
DA:406,0
DA:407,0
DA:408,0
DA:409,0
DA:410,0
DA:411,0
DA:412,0
DA:413,0
DA:414,0
DA:415,0
DA:416,0
DA:417,0
DA:418,0
DA:419,0
DA:420,0
DA:421,0
DA:422,0
DA:423,0
DA:424,0
DA:425,0
DA:426,0
DA:427,44
DA:428,44
DA:429,44
DA:430,44
DA:431,0
DA:432,0
DA:433,0
DA:434,0
DA:435,0
DA:436,0
DA:437,0
DA:438,0
DA:439,0
DA:440,0
DA:441,0
DA:442,0
DA:443,0
DA:444,0
DA:445,0
DA:446,0
DA:447,0
DA:448,0
DA:449,0
DA:450,0
DA:451,0
DA:452,0
DA:453,0
DA:454,0
DA:455,0
DA:456,0
DA:457,0
DA:458,0
DA:459,0
DA:460,0
DA:461,0
DA:462,0
DA:463,0
DA:464,0
DA:465,0
DA:466,0
DA:467,0
DA:468,0
DA:469,0
DA:470,0
DA:471,0
DA:472,0
DA:473,0
DA:474,0
DA:475,0
DA:476,0
DA:477,0
DA:478,0
DA:479,0
DA:480,0
DA:481,0
DA:482,0
DA:483,44
DA:484,44
DA:485,44
DA:486,44
DA:487,44
DA:488,0
DA:489,0
DA:490,0
DA:491,0
DA:492,0
DA:493,0
DA:494,0
DA:495,0
DA:496,0
DA:497,0
DA:498,0
DA:499,0
DA:500,0
DA:501,0
DA:502,0
DA:503,0
DA:504,0
DA:505,0
DA:506,0
DA:507,0
DA:508,0
DA:509,0
DA:510,0
DA:511,0
DA:512,0
DA:513,0
DA:514,0
DA:515,0
DA:516,0
DA:517,0
DA:518,0
DA:519,0
DA:520,0
DA:521,0
DA:522,0
DA:523,0
DA:524,0
DA:525,0
DA:526,0
DA:527,0
DA:528,0
DA:529,0
DA:530,0
DA:531,0
DA:532,0
DA:533,0
DA:534,0
DA:535,0
DA:536,0
DA:537,0
DA:538,0
DA:539,0
DA:540,0
DA:541,44
DA:542,44
DA:543,44
DA:544,44
DA:545,44
DA:546,0
DA:547,0
DA:548,0
DA:549,0
DA:550,0
DA:551,0
DA:552,0
DA:553,0
DA:554,0
DA:555,0
DA:556,0
DA:557,0
DA:558,0
DA:559,0
DA:560,0
DA:561,0
DA:562,0
DA:563,0
DA:564,0
DA:565,0
DA:566,0
DA:567,0
DA:568,0
DA:569,0
DA:570,0
DA:571,0
DA:572,0
DA:573,0
DA:574,0
DA:575,0
DA:576,0
DA:577,0
DA:578,0
DA:579,0
DA:580,0
DA:581,0
DA:582,0
DA:583,0
DA:584,0
DA:585,0
DA:586,0
DA:587,0
DA:588,0
DA:589,0
DA:590,0
DA:591,0
DA:592,0
DA:593,0
DA:594,44
DA:595,44
DA:596,44
DA:597,44
DA:598,0
DA:599,0
DA:600,0
DA:601,0
DA:602,0
DA:603,0
DA:604,0
DA:605,0
DA:606,0
DA:607,0
DA:608,0
DA:609,0
DA:610,0
DA:611,0
DA:612,0
DA:613,0
DA:614,0
DA:615,0
DA:616,0
DA:617,0
DA:618,0
DA:619,0
DA:620,0
DA:621,0
DA:622,0
DA:623,0
DA:624,0
DA:625,0
DA:626,0
DA:627,0
DA:628,0
DA:629,0
DA:630,0
DA:631,0
DA:632,0
DA:633,0
DA:634,0
DA:635,0
DA:636,0
DA:637,0
DA:638,0
DA:639,0
DA:640,0
DA:641,0
DA:642,0
DA:643,0
DA:644,0
DA:645,0
DA:646,0
DA:647,0
DA:648,0
DA:649,0
DA:650,0
DA:651,0
DA:652,0
DA:653,0
DA:654,0
DA:655,0
DA:656,0
DA:657,0
DA:658,0
DA:659,0
DA:660,0
DA:661,0
DA:662,0
DA:663,0
DA:664,0
DA:665,0
DA:666,0
DA:667,0
DA:668,0
DA:669,0
DA:670,0
DA:671,0
DA:672,0
DA:673,0
DA:674,0
DA:675,0
DA:676,0
DA:677,0
DA:678,0
DA:679,0
DA:680,0
DA:681,0
DA:682,0
DA:683,0
DA:684,0
DA:685,0
DA:686,0
DA:687,0
DA:688,0
DA:689,0
DA:690,0
DA:691,0
DA:692,0
DA:693,0
DA:694,0
DA:695,0
DA:696,0
DA:697,0
DA:698,0
DA:699,0
DA:700,0
DA:701,0
DA:702,0
DA:703,0
DA:704,0
DA:705,0
DA:706,0
DA:707,0
DA:708,0
DA:709,0
DA:710,0
DA:711,0
DA:712,0
DA:713,0
DA:714,0
DA:715,0
DA:716,0
DA:717,0
DA:718,0
DA:719,0
DA:720,0
DA:721,0
DA:722,0
DA:723,0
DA:724,0
DA:725,0
DA:726,0
DA:727,0
DA:728,0
DA:729,0
DA:730,0
DA:731,0
DA:732,0
DA:733,0
DA:734,0
DA:735,0
DA:736,0
DA:737,0
DA:738,0
DA:739,0
DA:740,0
DA:741,0
DA:742,0
DA:743,0
DA:744,0
DA:745,0
DA:746,0
DA:747,0
DA:748,0
DA:749,0
DA:750,0
DA:751,44
DA:752,44
DA:753,44
DA:754,44
DA:755,44
DA:756,0
DA:757,0
DA:758,0
DA:759,0
DA:760,0
DA:761,0
DA:762,0
DA:763,0
DA:764,0
DA:765,0
LF:765
LH:81
BRDA:1,0,0,44
BRDA:755,1,0,0
BRF:2
BRH:1
end_of_record
TN:
SF:src\ioc\updater.js
FN:13,updateIOCs
FN:78,mergeIOCs
FN:116,fetchUrl
FN:140,loadCachedIOCs
FN:192,createOptimizedIOCs
FNF:5
FNH:5
FNDA:1,updateIOCs
FNDA:82,mergeIOCs
FNDA:1,fetchUrl
FNDA:89,loadCachedIOCs
FNDA:40,createOptimizedIOCs
DA:1,44
DA:2,44
DA:3,44
DA:4,44
DA:5,44
DA:6,44
DA:7,44
DA:8,44
DA:9,44
DA:10,44
DA:11,44
DA:12,44
DA:13,1
DA:14,1
DA:15,1
DA:16,1
DA:17,0
DA:18,0
DA:19,1
DA:20,1
DA:21,1
DA:22,1
DA:23,1
DA:24,1
DA:25,1
DA:26,1
DA:27,1
DA:28,1
DA:29,1
DA:30,1
DA:31,1
DA:32,1
DA:33,1
DA:34,1
DA:35,1
DA:36,1
DA:37,1
DA:38,1
DA:39,1
DA:40,0
DA:41,0
DA:42,1
DA:43,0
DA:44,0
DA:45,1
DA:46,1
DA:47,1
DA:48,1
DA:49,1
DA:50,1
DA:51,1
DA:52,1
DA:53,1
DA:54,1
DA:55,0
DA:56,0
DA:57,0
DA:58,1
DA:59,1
DA:60,1
DA:61,1
DA:62,1
DA:63,1
DA:64,1
DA:65,1
DA:66,1
DA:67,1
DA:68,1
DA:69,1
DA:70,1
DA:71,1
DA:72,1
DA:73,44
DA:74,44
DA:75,44
DA:76,44
DA:77,44
DA:78,82
DA:79,82
DA:80,82
DA:81,82
DA:82,82
DA:83,137762
DA:84,126862778
DA:85,137762
DA:86,137762
DA:87,87494
DA:88,87494
DA:89,87494
DA:90,137762
DA:91,82
DA:92,82
DA:93,82
DA:94,729
DA:95,82
DA:96,82
DA:97,729
DA:98,82
DA:99,82
DA:100,82
DA:101,1618
DA:102,697
DA:103,697
DA:104,1618
DA:105,82
DA:106,82
DA:107,82
DA:108,644
DA:109,82
DA:110,82
DA:111,644
DA:112,82
DA:113,82
DA:114,82
DA:115,44
DA:116,1
DA:117,1
DA:118,1
DA:119,1
DA:120,1
DA:121,0
DA:122,0
DA:123,0
DA:124,1
DA:125,0
DA:126,0
DA:127,0
DA:128,1
DA:129,1
DA:130,1
DA:131,1
DA:132,1
DA:133,1
DA:134,44
DA:135,44
DA:136,44
DA:137,44
DA:138,44
DA:139,44
DA:140,89
DA:141,89
DA:142,89
DA:143,89
DA:144,49
DA:145,49
DA:146,40
DA:147,40
DA:148,40
DA:149,40
DA:150,40
DA:151,40
DA:152,40
DA:153,40
DA:154,40
DA:155,40
DA:156,40
DA:157,40
DA:158,40
DA:159,40
DA:160,40
DA:161,40
DA:162,40
DA:163,0
DA:164,0
DA:165,40
DA:166,40
DA:167,40
DA:168,40
DA:169,40
DA:170,40
DA:171,40
DA:172,40
DA:173,0
DA:174,0
DA:175,40
DA:176,40
DA:177,40
DA:178,40
DA:179,40
DA:180,40
DA:181,40
DA:182,40
DA:183,40
DA:184,40
DA:185,89
DA:186,44
DA:187,44
DA:188,44
DA:189,44
DA:190,44
DA:191,44
DA:192,40
DA:193,40
DA:194,40
DA:195,40
DA:196,40
DA:197,40
DA:198,40
DA:199,86440
DA:200,37040
DA:201,37040
DA:202,86440
DA:203,86440
DA:204,37640
DA:205,37640
DA:206,86440
DA:207,86440
DA:208,40
DA:209,40
DA:210,40
DA:211,40
DA:212,40
DA:213,40
DA:214,40
DA:215,40
DA:216,40
DA:217,40
DA:218,40
DA:219,40
DA:220,40
DA:221,40
DA:222,40
DA:223,40
DA:224,40
DA:225,40
DA:226,40
DA:227,40
DA:228,40
DA:229,40
DA:230,40
DA:231,40
DA:232,44
DA:233,44
LF:233
LH:214
BRDA:1,0,0,44
BRDA:13,1,0,1
BRDA:16,2,0,0
BRDA:39,3,0,0
BRDA:42,4,0,0
BRDA:54,5,0,0
BRDA:25,6,0,9
BRDA:26,7,0,9
BRDA:27,8,0,14
BRDA:78,9,0,82
BRDA:82,10,0,0
BRDA:82,11,0,137762
BRDA:86,12,0,87494
BRDA:93,13,0,0
BRDA:93,14,0,729
BRDA:94,15,0,82
BRDA:100,16,0,0
BRDA:100,17,0,1618
BRDA:101,18,0,697
BRDA:107,19,0,0
BRDA:107,20,0,644
BRDA:108,21,0,82
BRDA:83,22,0,126862778
BRDA:84,23,0,153448
BRDA:116,24,0,1
BRDA:117,25,0,1
BRDA:118,26,0,1
BRDA:120,27,0,0
BRDA:124,28,0,0
BRDA:129,29,0,56
BRDA:130,30,0,1
BRDA:140,31,0,89
BRDA:143,32,0,49
BRDA:143,33,0,56
BRDA:143,34,0,49
BRDA:146,35,0,40
BRDA:162,36,0,0
BRDA:166,37,0,40
BRDA:172,38,0,0
BRDA:152,39,0,360
BRDA:153,40,0,360
BRDA:154,41,0,560
BRDA:192,42,0,40
BRDA:198,43,0,86440
BRDA:199,44,0,37040
BRDA:203,45,0,37640
BRF:46
BRH:34
end_of_record
TN:
SF:src\ioc\yaml-loader.js
FN:7,loadYAMLIOCs
FN:27,loadPackagesYAML
FN:54,loadBuiltinYAML
FN:134,loadHashesYAML
FN:191,getIOCStats
FNF:5
FNH:4
FNDA:44,loadYAMLIOCs
FNDA:44,loadPackagesYAML
FNDA:44,loadBuiltinYAML
FNDA:44,loadHashesYAML
FNDA:0,getIOCStats
DA:1,44
DA:2,44
DA:3,44
DA:4,44
DA:5,44
DA:6,44
DA:7,44
DA:8,44
DA:9,44
DA:10,44
DA:11,44
DA:12,44
DA:13,44
DA:14,44
DA:15,44
DA:16,44
DA:17,44
DA:18,44
DA:19,44
DA:20,44
DA:21,44
DA:22,44
DA:23,44
DA:24,44
DA:25,44
DA:26,44
DA:27,44
DA:28,44
DA:29,44
DA:30,44
DA:31,44
DA:32,44
DA:33,44
DA:34,880
DA:35,880
DA:36,880
DA:37,880
DA:38,880
DA:39,880
DA:40,880
DA:41,880
DA:42,880
DA:43,880
DA:44,880
DA:45,880
DA:46,880
DA:47,880
DA:48,44
DA:49,44
DA:50,0
DA:51,0
DA:52,44
DA:53,44
DA:54,44
DA:55,44
DA:56,44
DA:57,44
DA:58,44
DA:59,44
DA:60,44
DA:61,44
DA:62,44
DA:63,1144
DA:64,308
DA:65,308
DA:66,308
DA:67,308
DA:68,308
DA:69,308
DA:70,308
DA:71,308
DA:72,308
DA:73,308
DA:74,308
DA:75,308
DA:76,1144
DA:77,44
DA:78,44
DA:79,44
DA:80,44
DA:81,44
DA:82,484
DA:83,484
DA:84,484
DA:85,484
DA:86,484
DA:87,484
DA:88,484
DA:89,484
DA:90,484
DA:91,484
DA:92,484
DA:93,484
DA:94,44
DA:95,44
DA:96,44
DA:97,44
DA:98,44
DA:99,220
DA:100,220
DA:101,220
DA:102,220
DA:103,220
DA:104,220
DA:105,220
DA:106,220
DA:107,220
DA:108,220
DA:109,220
DA:110,220
DA:111,44
DA:112,44
DA:113,44
DA:114,44
DA:115,44
DA:116,352
DA:117,352
DA:118,352
DA:119,352
DA:120,352
DA:121,352
DA:122,352
DA:123,352
DA:124,352
DA:125,352
DA:126,352
DA:127,352
DA:128,44
DA:129,44
DA:130,0
DA:131,0
DA:132,44
DA:133,44
DA:134,44
DA:135,44
DA:136,44
DA:137,44
DA:138,44
DA:139,44
DA:140,44
DA:141,44
DA:142,396
DA:143,176
DA:144,176
DA:145,176
DA:146,176
DA:147,176
DA:148,176
DA:149,176
DA:150,176
DA:151,176
DA:152,176
DA:153,176
DA:154,396
DA:155,44
DA:156,44
DA:157,44
DA:158,44
DA:159,352
DA:160,44
DA:161,44
DA:162,44
DA:163,44
DA:164,44
DA:165,44
DA:166,44
DA:167,44
DA:168,44
DA:169,352
DA:170,44
DA:171,44
DA:172,44
DA:173,44
DA:174,220
DA:175,132
DA:176,132
DA:177,132
DA:178,132
DA:179,132
DA:180,132
DA:181,132
DA:182,132
DA:183,132
DA:184,220
DA:185,44
DA:186,44
DA:187,0
DA:188,0
DA:189,44
DA:190,44
DA:191,0
DA:192,0
DA:193,0
DA:194,0
DA:195,0
DA:196,0
DA:197,0
DA:198,0
DA:199,0
DA:200,44
DA:201,44
LF:201
LH:186
BRDA:1,0,0,44
BRDA:7,1,0,44
BRDA:27,2,0,44
BRDA:28,3,0,0
BRDA:33,4,0,880
BRDA:39,5,0,0
BRDA:40,6,0,0
BRDA:43,7,0,0
BRDA:44,8,0,0
BRDA:49,9,0,0
BRDA:34,10,0,8360
BRDA:34,11,0,44
BRDA:54,12,0,44
BRDA:55,13,0,0
BRDA:62,14,0,1144
BRDA:63,15,0,308
BRDA:81,16,0,484
BRDA:82,17,0,0
BRDA:98,18,0,220
BRDA:99,19,0,0
BRDA:115,20,0,352
BRDA:116,21,0,0
BRDA:129,22,0,0
BRDA:63,23,0,15444
BRDA:63,24,0,1012
BRDA:83,25,0,2420
BRDA:100,26,0,440
BRDA:117,27,0,1232
BRDA:134,28,0,44
BRDA:135,29,0,0
BRDA:141,30,0,396
BRDA:142,31,0,176
BRDA:147,32,0,0
BRDA:148,33,0,0
BRDA:151,34,0,0
BRDA:158,35,0,352
BRDA:159,36,0,44
BRDA:163,37,0,0
BRDA:164,38,0,0
BRDA:173,39,0,220
BRDA:174,40,0,132
BRDA:178,41,0,0
BRDA:179,42,0,0
BRDA:186,43,0,0
BRDA:142,44,0,1804
BRDA:159,45,0,1672
BRDA:174,46,0,1716
BRF:47
BRH:27
end_of_record
TN:
SF:src\response\playbooks.js
FN:114,getPlaybook
FNF:1
FNH:1
FNDA:286,getPlaybook
DA:1,44
DA:2,44
DA:3,44
DA:4,44
DA:5,44
DA:6,44
DA:7,44
DA:8,44
DA:9,44
DA:10,44
DA:11,44
DA:12,44
DA:13,44
DA:14,44
DA:15,44
DA:16,44
DA:17,44
DA:18,44
DA:19,44
DA:20,44
DA:21,44
DA:22,44
DA:23,44
DA:24,44
DA:25,44
DA:26,44
DA:27,44
DA:28,44
DA:29,44
DA:30,44
DA:31,44
DA:32,44
DA:33,44
DA:34,44
DA:35,44
DA:36,44
DA:37,44
DA:38,44
DA:39,44
DA:40,44
DA:41,44
DA:42,44
DA:43,44
DA:44,44
DA:45,44
DA:46,44
DA:47,44
DA:48,44
DA:49,44
DA:50,44
DA:51,44
DA:52,44
DA:53,44
DA:54,44
DA:55,44
DA:56,44
DA:57,44
DA:58,44
DA:59,44
DA:60,44
DA:61,44
DA:62,44
DA:63,44
DA:64,44
DA:65,44
DA:66,44
DA:67,44
DA:68,44
DA:69,44
DA:70,44
DA:71,44
DA:72,44
DA:73,44
DA:74,44
DA:75,44
DA:76,44
DA:77,44
DA:78,44
DA:79,44
DA:80,44
DA:81,44
DA:82,44
DA:83,44
DA:84,44
DA:85,44
DA:86,44
DA:87,44
DA:88,44
DA:89,44
DA:90,44
DA:91,44
DA:92,44
DA:93,44
DA:94,44
DA:95,44
DA:96,44
DA:97,44
DA:98,44
DA:99,44
DA:100,44
DA:101,44
DA:102,44
DA:103,44
DA:104,44
DA:105,44
DA:106,44
DA:107,44
DA:108,44
DA:109,44
DA:110,44
DA:111,44
DA:112,44
DA:113,44
DA:114,286
DA:115,286
DA:116,286
DA:117,44
DA:118,44
LF:118
LH:118
BRDA:1,0,0,44
BRDA:114,1,0,286
BRDA:115,2,0,32
BRF:3
BRH:3
end_of_record
TN:
SF:src\rules\index.js
FN:198,getRule
FNF:1
FNH:1
FNDA:159,getRule
DA:1,44
DA:2,44
DA:3,44
DA:4,44
DA:5,44
DA:6,44
DA:7,44
DA:8,44
DA:9,44
DA:10,44
DA:11,44
DA:12,44
DA:13,44
DA:14,44
DA:15,44
DA:16,44
DA:17,44
DA:18,44
DA:19,44
DA:20,44
DA:21,44
DA:22,44
DA:23,44
DA:24,44
DA:25,44
DA:26,44
DA:27,44
DA:28,44
DA:29,44
DA:30,44
DA:31,44
DA:32,44
DA:33,44
DA:34,44
DA:35,44
DA:36,44
DA:37,44
DA:38,44
DA:39,44
DA:40,44
DA:41,44
DA:42,44
DA:43,44
DA:44,44
DA:45,44
DA:46,44
DA:47,44
DA:48,44
DA:49,44
DA:50,44
DA:51,44
DA:52,44
DA:53,44
DA:54,44
DA:55,44
DA:56,44
DA:57,44
DA:58,44
DA:59,44
DA:60,44
DA:61,44
DA:62,44
DA:63,44
DA:64,44
DA:65,44
DA:66,44
DA:67,44
DA:68,44
DA:69,44
DA:70,44
DA:71,44
DA:72,44
DA:73,44
DA:74,44
DA:75,44
DA:76,44
DA:77,44
DA:78,44
DA:79,44
DA:80,44
DA:81,44
DA:82,44
DA:83,44
DA:84,44
DA:85,44
DA:86,44
DA:87,44
DA:88,44
DA:89,44
DA:90,44
DA:91,44
DA:92,44
DA:93,44
DA:94,44
DA:95,44
DA:96,44
DA:97,44
DA:98,44
DA:99,44
DA:100,44
DA:101,44
DA:102,44
DA:103,44
DA:104,44
DA:105,44
DA:106,44
DA:107,44
DA:108,44
DA:109,44
DA:110,44
DA:111,44
DA:112,44
DA:113,44
DA:114,44
DA:115,44
DA:116,44
DA:117,44
DA:118,44
DA:119,44
DA:120,44
DA:121,44
DA:122,44
DA:123,44
DA:124,44
DA:125,44
DA:126,44
DA:127,44
DA:128,44
DA:129,44
DA:130,44
DA:131,44
DA:132,44
DA:133,44
DA:134,44
DA:135,44
DA:136,44
DA:137,44
DA:138,44
DA:139,44
DA:140,44
DA:141,44
DA:142,44
DA:143,44
DA:144,44
DA:145,44
DA:146,44
DA:147,44
DA:148,44
DA:149,44
DA:150,44
DA:151,44
DA:152,44
DA:153,44
DA:154,44
DA:155,44
DA:156,44
DA:157,44
DA:158,44
DA:159,44
DA:160,44
DA:161,44
DA:162,44
DA:163,44
DA:164,44
DA:165,44
DA:166,44
DA:167,44
DA:168,44
DA:169,44
DA:170,44
DA:171,44
DA:172,44
DA:173,44
DA:174,44
DA:175,44
DA:176,44
DA:177,44
DA:178,44
DA:179,44
DA:180,44
DA:181,44
DA:182,44
DA:183,44
DA:184,44
DA:185,44
DA:186,44
DA:187,44
DA:188,44
DA:189,44
DA:190,44
DA:191,44
DA:192,44
DA:193,44
DA:194,44
DA:195,44
DA:196,44
DA:197,44
DA:198,159
DA:199,159
DA:200,27
DA:201,27
DA:202,27
DA:203,27
DA:204,27
DA:205,27
DA:206,27
DA:207,159
DA:208,159
DA:209,44
DA:210,44
DA:211,44
DA:212,44
DA:213,44
DA:214,44
DA:215,44
DA:216,44
DA:217,44
DA:218,44
DA:219,44
DA:220,44
DA:221,44
DA:222,44
DA:223,44
DA:224,44
DA:225,44
DA:226,44
DA:227,44
DA:228,44
DA:229,44
DA:230,44
DA:231,44
DA:232,44
DA:233,44
DA:234,44
DA:235,44
DA:236,44
DA:237,44
DA:238,44
DA:239,44
DA:240,44
DA:241,44
DA:242,44
DA:243,44
DA:244,44
DA:245,44
DA:246,44
DA:247,44
DA:248,44
DA:249,44
LF:249
LH:249
BRDA:1,0,0,44
BRDA:198,1,0,159
BRDA:199,2,0,27
BRF:3
BRH:3
end_of_record
TN:
SF:src\scanner\ast.js
FN:35,analyzeAST
FN:60,analyzeFile
FN:83,CallExpression
FN:96,NewExpression
FN:107,Literal
FN:127,MemberExpression
FN:148,getCallName
FNF:7
FNH:7
FNDA:39,analyzeAST
FNDA:28,analyzeFile
FNDA:214,CallExpression
FNDA:15,NewExpression
FNDA:264,Literal
FNDA:170,MemberExpression
FNDA:214,getCallName
DA:1,44
DA:2,44
DA:3,44
DA:4,44
DA:5,44
DA:6,44
DA:7,44
DA:8,44
DA:9,44
DA:10,44
DA:11,44
DA:12,44
DA:13,44
DA:14,44
DA:15,44
DA:16,44
DA:17,44
DA:18,44
DA:19,44
DA:20,44
DA:21,44
DA:22,44
DA:23,44
DA:24,44
DA:25,44
DA:26,44
DA:27,44
DA:28,44
DA:29,44
DA:30,44
DA:31,44
DA:32,44
DA:33,44
DA:34,44
DA:35,39
DA:36,39
DA:37,39
DA:38,39
DA:39,39
DA:40,28
DA:41,28
DA:42,28
DA:43,0
DA:44,0
DA:45,28
DA:46,28
DA:47,28
DA:48,0
DA:49,0
DA:50,28
DA:51,28
DA:52,28
DA:53,28
DA:54,28
DA:55,39
DA:56,39
DA:57,39
DA:58,44
DA:59,44
DA:60,28
DA:61,28
DA:62,28
DA:63,28
DA:64,28
DA:65,28
DA:66,28
DA:67,28
DA:68,28
DA:69,28
DA:70,28
DA:71,1
DA:72,0
DA:73,0
DA:74,0
DA:75,0
DA:76,0
DA:77,0
DA:78,0
DA:79,1
DA:80,1
DA:81,27
DA:82,27
DA:83,27
DA:84,214
DA:85,214
DA:86,214
DA:87,17
DA:88,17
DA:89,17
DA:90,17
DA:91,17
DA:92,17
DA:93,17
DA:94,27
DA:95,27
DA:96,27
DA:97,15
DA:98,15
DA:99,15
DA:100,15
DA:101,15
DA:102,15
DA:103,15
DA:104,15
DA:105,27
DA:106,27
DA:107,27
DA:108,264
DA:109,250
DA:110,250
DA:111,15
DA:112,15
DA:113,235
DA:114,250
DA:115,1175
DA:116,42
DA:117,42
DA:118,42
DA:119,42
DA:120,42
DA:121,42
DA:122,42
DA:123,1175
DA:124,235
DA:125,27
DA:126,27
DA:127,27
DA:128,170
DA:129,170
DA:130,49
DA:131,170
DA:132,49
DA:133,49
DA:134,0
DA:135,0
DA:136,0
DA:137,0
DA:138,0
DA:139,0
DA:140,0
DA:141,49
DA:142,170
DA:143,27
DA:144,27
DA:145,27
DA:146,28
DA:147,44
DA:148,214
DA:149,214
DA:150,132
DA:151,132
DA:152,214
DA:153,65
DA:154,65
DA:155,17
DA:156,214
DA:157,44
DA:158,44
LF:158
LH:140
BRDA:1,0,0,44
BRDA:35,1,0,39
BRDA:39,2,0,28
BRDA:42,3,0,0
BRDA:47,4,0,0
BRDA:60,5,0,28
BRDA:70,6,0,1
BRDA:71,7,0,0
BRDA:71,8,0,0
BRDA:81,9,0,27
BRDA:83,10,0,214
BRDA:86,11,0,17
BRDA:96,12,0,15
BRDA:107,13,0,264
BRDA:108,14,0,250
BRDA:110,15,0,15
BRDA:113,16,0,235
BRDA:114,17,0,1175
BRDA:115,18,0,42
BRDA:124,19,0,235
BRDA:110,20,0,720
BRDA:127,21,0,170
BRDA:129,22,0,49
BRDA:129,23,0,49
BRDA:131,24,0,49
BRDA:133,25,0,0
BRDA:133,26,0,245
BRDA:148,27,0,214
BRDA:149,28,0,212
BRDA:149,29,0,200
BRDA:149,30,0,132
BRDA:152,31,0,82
BRDA:152,32,0,65
BRDA:152,33,0,65
BRDA:155,34,0,17
BRF:35
BRH:30
end_of_record
TN:
SF:src\scanner\dataflow.js
FN:7,analyzeDataFlow
FN:26,analyzeFile
FN:44,CallExpression
FN:80,MemberExpression
FN:109,getCallName
FN:119,isCredentialPath
FN:136,isSensitiveEnv
FNF:7
FNH:7
FNDA:39,analyzeDataFlow
FNDA:28,analyzeFile
FNDA:214,CallExpression
FNDA:170,MemberExpression
FNDA:214,getCallName
FNDA:34,isCredentialPath
FNDA:49,isSensitiveEnv
DA:1,44
DA:2,44
DA:3,44
DA:4,44
DA:5,44
DA:6,44
DA:7,39
DA:8,39
DA:9,39
DA:10,39
DA:11,39
DA:12,28
DA:13,28
DA:14,28
DA:15,0
DA:16,0
DA:17,28
DA:18,28
DA:19,28
DA:20,28
DA:21,28
DA:22,39
DA:23,39
DA:24,39
DA:25,44
DA:26,28
DA:27,28
DA:28,28
DA:29,28
DA:30,28
DA:31,28
DA:32,28
DA:33,28
DA:34,28
DA:35,28
DA:36,28
DA:37,1
DA:38,1
DA:39,27
DA:40,27
DA:41,27
DA:42,27
DA:43,27
DA:44,27
DA:45,214
DA:46,214
DA:47,214
DA:48,34
DA:49,34
DA:50,34
DA:51,34
DA:52,34
DA:53,34
DA:54,34
DA:55,34
DA:56,34
DA:57,214
DA:58,214
DA:59,25
DA:60,25
DA:61,25
DA:62,25
DA:63,25
DA:64,25
DA:65,214
DA:66,214
DA:67,19
DA:68,19
DA:69,15
DA:70,0
DA:71,0
DA:72,0
DA:73,0
DA:74,0
DA:75,0
DA:76,15
DA:77,19
DA:78,27
DA:79,27
DA:80,27
DA:81,170
DA:82,170
DA:83,49
DA:84,170
DA:85,49
DA:86,49
DA:87,49
DA:88,49
DA:89,49
DA:90,49
DA:91,49
DA:92,49
DA:93,49
DA:94,170
DA:95,27
DA:96,27
DA:97,28
DA:98,19
DA:99,19
DA:100,19
DA:101,19
DA:102,19
DA:103,19
DA:104,19
DA:105,27
DA:106,27
DA:107,28
DA:108,44
DA:109,214
DA:110,214
DA:111,132
DA:112,132
DA:113,214
DA:114,65
DA:115,65
DA:116,17
DA:117,214
DA:118,44
DA:119,34
DA:120,34
DA:121,34
DA:122,34
DA:123,34
DA:124,34
DA:125,34
DA:126,34
DA:127,34
DA:128,34
DA:129,0
DA:130,0
DA:131,0
DA:132,0
DA:133,0
DA:134,34
DA:135,44
DA:136,49
DA:137,49
DA:138,49
DA:139,49
DA:140,44
DA:141,44
LF:141
LH:128
BRDA:1,0,0,44
BRDA:7,1,0,39
BRDA:11,2,0,28
BRDA:14,3,0,0
BRDA:26,4,0,28
BRDA:36,5,0,1
BRDA:39,6,0,27
BRDA:97,7,0,19
BRDA:97,8,0,27
BRDA:97,9,0,19
BRDA:44,10,0,214
BRDA:47,11,0,180
BRDA:47,12,0,34
BRDA:53,13,0,0
BRDA:58,14,0,195
BRDA:58,15,0,191
BRDA:58,16,0,25
BRDA:62,17,0,0
BRDA:66,18,0,195
BRDA:66,19,0,19
BRDA:68,20,0,15
BRDA:68,21,0,15
BRDA:69,22,0,0
BRDA:80,23,0,170
BRDA:82,24,0,49
BRDA:82,25,0,49
BRDA:84,26,0,49
BRDA:85,27,0,0
BRDA:90,28,0,0
BRDA:101,29,0,83
BRDA:101,30,0,23
BRDA:109,31,0,214
BRDA:110,32,0,212
BRDA:110,33,0,200
BRDA:110,34,0,132
BRDA:113,35,0,82
BRDA:113,36,0,65
BRDA:113,37,0,65
BRDA:116,38,0,17
BRDA:119,39,0,34
BRDA:122,40,0,15
BRDA:123,41,0,0
BRDA:124,42,0,0
BRDA:125,43,0,0
BRDA:128,44,0,0
BRDA:128,45,0,0
BRDA:136,46,0,49
BRDA:138,47,0,64
BRF:48
BRH:37
end_of_record
TN:
SF:src\scanner\dependencies.js
FN:24,checkRehabilitatedPackage
FN:39,scanDependencies
FN:165,listPackages
FN:207,getPackageVersion
FNF:4
FNH:1
FNDA:0,checkRehabilitatedPackage
FNDA:39,scanDependencies
FNDA:0,listPackages
FNDA:0,getPackageVersion
DA:1,44
DA:2,44
DA:3,44
DA:4,44
DA:5,44
DA:6,44
DA:7,44
DA:8,44
DA:9,44
DA:10,44
DA:11,44
DA:12,44
DA:13,44
DA:14,44
DA:15,44
DA:16,44
DA:17,44
DA:18,44
DA:19,44
DA:20,44
DA:21,44
DA:22,44
DA:23,44
DA:24,0
DA:25,0
DA:26,0
DA:27,0
DA:28,0
DA:29,0
DA:30,0
DA:31,0
DA:32,0
DA:33,0
DA:34,0
DA:35,0
DA:36,0
DA:37,0
DA:38,44
DA:39,39
DA:40,39
DA:41,39
DA:42,39
DA:43,39
DA:44,39
DA:45,39
DA:46,39
DA:47,0
DA:48,0
DA:49,0
DA:50,0
DA:51,0
DA:52,0
DA:53,0
DA:54,0
DA:55,0
DA:56,0
DA:57,0
DA:58,0
DA:59,0
DA:60,0
DA:61,0
DA:62,0
DA:63,0
DA:64,0
DA:65,0
DA:66,0
DA:67,0
DA:68,0
DA:69,0
DA:70,0
DA:71,0
DA:72,0
DA:73,0
DA:74,0
DA:75,0
DA:76,0
DA:77,0
DA:78,0
DA:79,0
DA:80,0
DA:81,0
DA:82,0
DA:83,0
DA:84,0
DA:85,0
DA:86,0
DA:87,0
DA:88,0
DA:89,0
DA:90,0
DA:91,0
DA:92,0
DA:93,0
DA:94,0
DA:95,0
DA:96,0
DA:97,0
DA:98,0
DA:99,0
DA:100,0
DA:101,0
DA:102,0
DA:103,0
DA:104,0
DA:105,0
DA:106,0
DA:107,0
DA:108,0
DA:109,0
DA:110,0
DA:111,0
DA:112,0
DA:113,0
DA:114,0
DA:115,0
DA:116,0
DA:117,0
DA:118,0
DA:119,0
DA:120,0
DA:121,0
DA:122,0
DA:123,0
DA:124,0
DA:125,0
DA:126,0
DA:127,0
DA:128,0
DA:129,0
DA:130,0
DA:131,0
DA:132,0
DA:133,0
DA:134,0
DA:135,0
DA:136,0
DA:137,0
DA:138,0
DA:139,0
DA:140,0
DA:141,0
DA:142,0
DA:143,0
DA:144,0
DA:145,0
DA:146,0
DA:147,0
DA:148,0
DA:149,0
DA:150,0
DA:151,0
DA:152,0
DA:153,0
DA:154,0
DA:155,0
DA:156,0
DA:157,0
DA:158,0
DA:159,0
DA:160,0
DA:161,0
DA:162,0
DA:163,39
DA:164,44
DA:165,0
DA:166,0
DA:167,0
DA:168,0
DA:169,0
DA:170,0
DA:171,0
DA:172,0
DA:173,0
DA:174,0
DA:175,0
DA:176,0
DA:177,0
DA:178,0
DA:179,0
DA:180,0
DA:181,0
DA:182,0
DA:183,0
DA:184,0
DA:185,0
DA:186,0
DA:187,0
DA:188,0
DA:189,0
DA:190,0
DA:191,0
DA:192,0
DA:193,0
DA:194,0
DA:195,0
DA:196,0
DA:197,0
DA:198,0
DA:199,0
DA:200,0
DA:201,0
DA:202,0
DA:203,0
DA:204,0
DA:205,0
DA:206,44
DA:207,0
DA:208,0
DA:209,0
DA:210,0
DA:211,0
DA:212,0
DA:213,0
DA:214,0
DA:215,44
DA:216,44
DA:217,44
DA:218,44
DA:219,44
DA:220,44
DA:221,44
DA:222,44
LF:222
LH:43
BRDA:1,0,0,44
BRDA:39,1,0,39
BRDA:47,2,0,0
BRF:3
BRH:2
end_of_record
TN:
SF:src\scanner\github-actions.js
FN:4,scanGitHubActions
FNF:1
FNH:1
FNDA:39,scanGitHubActions
DA:1,44
DA:2,44
DA:3,44
DA:4,39
DA:5,39
DA:6,39
DA:7,39
DA:8,39
DA:9,39
DA:10,39
DA:11,0
DA:12,0
DA:13,0
DA:14,0
DA:15,0
DA:16,0
DA:17,0
DA:18,0
DA:19,0
DA:20,0
DA:21,0
DA:22,0
DA:23,0
DA:24,0
DA:25,0
DA:26,0
DA:27,0
DA:28,0
DA:29,0
DA:30,0
DA:31,0
DA:32,0
DA:33,0
DA:34,0
DA:35,0
DA:36,0
DA:37,0
DA:38,0
DA:39,0
DA:40,0
DA:41,0
DA:42,0
DA:43,0
DA:44,39
DA:45,44
DA:46,44
LF:46
LH:13
BRDA:1,0,0,44
BRDA:4,1,0,39
BRDA:11,2,0,0
BRF:3
BRH:2
end_of_record
TN:
SF:src\scanner\hash.js
FN:12,scanHashes
FN:58,computeHashCached
FN:86,computeHash
FN:99,findAllJsFiles
FN:165,clearHashCache
FN:173,getHashCacheSize
FNF:6
FNH:1
FNDA:39,scanHashes
FNDA:0,computeHashCached
FNDA:0,computeHash
FNDA:0,findAllJsFiles
FNDA:0,clearHashCache
FNDA:0,getHashCacheSize
DA:1,44
DA:2,44
DA:3,44
DA:4,44
DA:5,44
DA:6,44
DA:7,44
DA:8,44
DA:9,44
DA:10,44
DA:11,44
DA:12,39
DA:13,39
DA:14,39
DA:15,39
DA:16,39
DA:17,39
DA:18,39
DA:19,39
DA:20,39
DA:21,39
DA:22,0
DA:23,0
DA:24,39
DA:25,39
DA:26,39
DA:27,39
DA:28,39
DA:29,39
DA:30,0
DA:31,0
DA:32,0
DA:33,0
DA:34,0
DA:35,0
DA:36,0
DA:37,0
DA:38,0
DA:39,0
DA:40,0
DA:41,0
DA:42,0
DA:43,0
DA:44,0
DA:45,0
DA:46,0
DA:47,0
DA:48,0
DA:49,0
DA:50,39
DA:51,44
DA:52,44
DA:53,44
DA:54,44
DA:55,44
DA:56,44
DA:57,44
DA:58,0
DA:59,0
DA:60,0
DA:61,0
DA:62,0
DA:63,0
DA:64,0
DA:65,0
DA:66,0
DA:67,0
DA:68,0
DA:69,0
DA:70,0
DA:71,0
DA:72,0
DA:73,0
DA:74,0
DA:75,0
DA:76,0
DA:77,0
DA:78,0
DA:79,0
DA:80,44
DA:81,44
DA:82,44
DA:83,44
DA:84,44
DA:85,44
DA:86,0
DA:87,0
DA:88,0
DA:89,0
DA:90,44
DA:91,44
DA:92,44
DA:93,44
DA:94,44
DA:95,44
DA:96,44
DA:97,44
DA:98,44
DA:99,0
DA:100,0
DA:101,0
DA:102,0
DA:103,0
DA:104,0
DA:105,0
DA:106,0
DA:107,0
DA:108,0
DA:109,0
DA:110,0
DA:111,0
DA:112,0
DA:113,0
DA:114,0
DA:115,0
DA:116,0
DA:117,0
DA:118,0
DA:119,0
DA:120,0
DA:121,0
DA:122,0
DA:123,0
DA:124,0
DA:125,0
DA:126,0
DA:127,0
DA:128,0
DA:129,0
DA:130,0
DA:131,0
DA:132,0
DA:133,0
DA:134,0
DA:135,0
DA:136,0
DA:137,0
DA:138,0
DA:139,0
DA:140,0
DA:141,0
DA:142,0
DA:143,0
DA:144,0
DA:145,0
DA:146,0
DA:147,0
DA:148,0
DA:149,0
DA:150,0
DA:151,0
DA:152,0
DA:153,0
DA:154,0
DA:155,0
DA:156,0
DA:157,0
DA:158,0
DA:159,0
DA:160,0
DA:161,44
DA:162,44
DA:163,44
DA:164,44
DA:165,0
DA:166,0
DA:167,0
DA:168,44
DA:169,44
DA:170,44
DA:171,44
DA:172,44
DA:173,0
DA:174,0
DA:175,0
DA:176,44
DA:177,44
DA:178,44
DA:179,44
DA:180,44
DA:181,44
DA:182,44
DA:183,44
LF:183
LH:67
BRDA:1,0,0,44
BRDA:12,1,0,39
BRDA:19,2,0,0
BRDA:21,3,0,0
BRDA:30,4,0,0
BRF:5
BRH:2
end_of_record
TN:
SF:src\scanner\obfuscation.js
FN:5,detectObfuscation
FNF:1
FNH:1
FNDA:39,detectObfuscation
DA:1,44
DA:2,44
DA:3,44
DA:4,44
DA:5,39
DA:6,39
DA:7,39
DA:8,39
DA:9,39
DA:10,28
DA:11,28
DA:12,28
DA:13,28
DA:14,28
DA:15,28
DA:16,28
DA:17,28
DA:18,28
DA:19,28
DA:20,2
DA:21,2
DA:22,2
DA:23,28
DA:24,28
DA:25,28
DA:26,28
DA:27,2
DA:28,2
DA:29,2
DA:30,28
DA:31,28
DA:32,28
DA:33,28
DA:34,0
DA:35,0
DA:36,0
DA:37,28
DA:38,28
DA:39,28
DA:40,28
DA:41,2
DA:42,2
DA:43,2
DA:44,28
DA:45,28
DA:46,28
DA:47,0
DA:48,0
DA:49,0
DA:50,28
DA:51,28
DA:52,28
DA:53,2
DA:54,2
DA:55,2
DA:56,28
DA:57,28
DA:58,2
DA:59,2
DA:60,2
DA:61,2
DA:62,2
DA:63,2
DA:64,2
DA:65,28
DA:66,39
DA:67,39
DA:68,39
DA:69,44
DA:70,44
LF:70
LH:64
BRDA:1,0,0,44
BRDA:5,1,0,39
BRDA:9,2,0,28
BRDA:19,3,0,27
BRDA:19,4,0,2
BRDA:25,5,0,26
BRDA:26,6,0,2
BRDA:33,7,0,0
BRDA:39,8,0,26
BRDA:40,9,0,2
BRDA:46,10,0,0
BRDA:52,11,0,2
BRDA:52,12,0,2
BRDA:57,13,0,2
BRDA:60,14,0,0
BRDA:17,15,0,442
BRDA:18,16,0,355
BRF:17
BRH:14
end_of_record
TN:
SF:src\scanner\package.js
FN:23,scanPackageJson
FNF:1
FNH:1
FNDA:39,scanPackageJson
DA:1,44
DA:2,44
DA:3,44
DA:4,44
DA:5,44
DA:6,44
DA:7,44
DA:8,44
DA:9,44
DA:10,44
DA:11,44
DA:12,44
DA:13,44
DA:14,44
DA:15,44
DA:16,44
DA:17,44
DA:18,44
DA:19,44
DA:20,44
DA:21,44
DA:22,44
DA:23,39
DA:24,39
DA:25,39
DA:26,39
DA:27,39
DA:28,33
DA:29,33
DA:30,6
DA:31,6
DA:32,39
DA:33,39
DA:34,39
DA:35,39
DA:36,24
DA:37,4
DA:38,4
DA:39,4
DA:40,4
DA:41,4
DA:42,4
DA:43,4
DA:44,4
DA:45,4
DA:46,4
DA:47,32
DA:48,4
DA:49,4
DA:50,4
DA:51,4
DA:52,4
DA:53,4
DA:54,4
DA:55,32
DA:56,4
DA:57,24
DA:58,6
DA:59,6
DA:60,6
DA:61,6
DA:62,6
DA:63,6
DA:64,6
DA:65,6
DA:66,6
DA:67,6
DA:68,6
DA:69,20
DA:70,20508
DA:71,20508
DA:72,0
DA:73,0
DA:74,0
DA:75,20
DA:76,20
DA:77,20
DA:78,20
DA:79,20
DA:80,20
DA:81,20
DA:82,20
DA:83,20
DA:84,20
DA:85,20
DA:86,6
DA:87,6
DA:88,39
DA:89,44
DA:90,44
LF:90
LH:87
BRDA:1,0,0,44
BRDA:23,1,0,39
BRDA:27,2,0,33
BRDA:30,3,0,6
BRDA:32,4,0,4
BRDA:35,5,0,6
BRDA:35,6,0,24
BRDA:36,7,0,4
BRDA:46,8,0,32
BRDA:47,9,0,4
BRDA:68,10,0,20
BRDA:81,11,0,0
BRDA:69,12,0,20508
BRDA:70,13,0,20488
BRDA:71,14,0,20
BRDA:71,15,0,0
BRDA:71,16,0,20
BRDA:72,17,0,0
BRF:18
BRH:15
end_of_record
TN:
SF:src\scanner\shell.js
FN:17,scanShellScripts
FNF:1
FNH:1
FNDA:39,scanShellScripts
DA:1,44
DA:2,44
DA:3,44
DA:4,44
DA:5,44
DA:6,44
DA:7,44
DA:8,44
DA:9,44
DA:10,44
DA:11,44
DA:12,44
DA:13,44
DA:14,44
DA:15,44
DA:16,44
DA:17,39
DA:18,39
DA:19,39
DA:20,39
DA:21,39
DA:22,39
DA:23,4
DA:24,4
DA:25,4
DA:26,36
DA:27,16
DA:28,16
DA:29,16
DA:30,16
DA:31,16
DA:32,16
DA:33,16
DA:34,36
DA:35,4
DA:36,39
DA:37,39
DA:38,39
DA:39,44
DA:40,44
LF:40
LH:40
BRDA:1,0,0,44
BRDA:17,1,0,39
BRDA:22,2,0,4
BRDA:25,3,0,36
BRDA:26,4,0,16
BRF:5
BRH:5
end_of_record
TN:
SF:src\scanner\typosquat.js
FN:76,scanTyposquatting
FN:113,findTyposquatMatch
FN:159,isLegitimateVariant
FN:189,detectTyposquatType
FN:203,levenshteinDistance
FNF:5
FNH:5
FNDA:39,scanTyposquatting
FNDA:20,findTyposquatMatch
FNDA:20,isLegitimateVariant
FNDA:20,detectTyposquatType
FNDA:68,levenshteinDistance
DA:1,44
DA:2,44
DA:3,44
DA:4,44
DA:5,44
DA:6,44
DA:7,44
DA:8,44
DA:9,44
DA:10,44
DA:11,44
DA:12,44
DA:13,44
DA:14,44
DA:15,44
DA:16,44
DA:17,44
DA:18,44
DA:19,44
DA:20,44
DA:21,44
DA:22,44
DA:23,44
DA:24,44
DA:25,44
DA:26,44
DA:27,44
DA:28,44
DA:29,44
DA:30,44
DA:31,44
DA:32,44
DA:33,44
DA:34,44
DA:35,44
DA:36,44
DA:37,44
DA:38,44
DA:39,44
DA:40,44
DA:41,44
DA:42,44
DA:43,44
DA:44,44
DA:45,44
DA:46,44
DA:47,44
DA:48,44
DA:49,44
DA:50,44
DA:51,44
DA:52,44
DA:53,44
DA:54,44
DA:55,44
DA:56,44
DA:57,44
DA:58,44
DA:59,44
DA:60,44
DA:61,44
DA:62,44
DA:63,44
DA:64,44
DA:65,44
DA:66,44
DA:67,44
DA:68,44
DA:69,44
DA:70,44
DA:71,44
DA:72,44
DA:73,44
DA:74,44
DA:75,44
DA:76,39
DA:77,39
DA:78,39
DA:79,39
DA:80,39
DA:81,33
DA:82,33
DA:83,6
DA:84,6
DA:85,6
DA:86,6
DA:87,6
DA:88,6
DA:89,6
DA:90,6
DA:91,6
DA:92,6
DA:93,20
DA:94,20
DA:95,20
DA:96,20
DA:97,20
DA:98,20
DA:99,20
DA:100,20
DA:101,20
DA:102,20
DA:103,20
DA:104,20
DA:105,20
DA:106,20
DA:107,20
DA:108,20
DA:109,6
DA:110,6
DA:111,39
DA:112,44
DA:113,20
DA:114,20
DA:115,20
DA:116,20
DA:117,20
DA:118,20
DA:119,20
DA:120,20
DA:121,20
DA:122,20
DA:123,20
DA:124,20
DA:125,20
DA:126,20
DA:127,20
DA:128,20
DA:129,68
DA:130,68
DA:131,68
DA:132,68
DA:133,68
DA:134,68
DA:135,68
DA:136,68
DA:137,68
DA:138,68
DA:139,4
DA:140,4
DA:141,4
DA:142,4
DA:143,4
DA:144,4
DA:145,64
DA:146,64
DA:147,68
DA:148,16
DA:149,16
DA:150,16
DA:151,16
DA:152,16
DA:153,16
DA:154,68
DA:155,0
DA:156,0
DA:157,20
DA:158,44
DA:159,20
DA:160,20
DA:161,20
DA:162,20
DA:163,20
DA:164,20
DA:165,20
DA:166,20
DA:167,20
DA:168,20
DA:169,20
DA:170,20
DA:171,540
DA:172,540
DA:173,20
DA:174,20
DA:175,20
DA:176,20
DA:177,20
DA:178,20
DA:179,20
DA:180,20
DA:181,20
DA:182,20
DA:183,220
DA:184,220
DA:185,20
DA:186,20
DA:187,20
DA:188,44
DA:189,20
DA:190,20
DA:191,20
DA:192,16
DA:193,16
DA:194,16
DA:195,88
DA:196,88
DA:197,16
DA:198,0
DA:199,0
DA:200,0
DA:201,20
DA:202,44
DA:203,68
DA:204,68
DA:205,68
DA:206,68
DA:207,480
DA:208,480
DA:209,68
DA:210,68
DA:211,448
DA:212,448
DA:213,68
DA:214,68
DA:215,412
DA:216,2308
DA:217,232
DA:218,2308
DA:219,2076
DA:220,2076
DA:221,2076
DA:222,2076
DA:223,2076
DA:224,2076
DA:225,2308
DA:226,412
DA:227,68
DA:228,68
DA:229,68
DA:230,44
DA:231,44
LF:231
LH:226
BRDA:1,0,0,44
BRDA:76,1,0,39
BRDA:80,2,0,33
BRDA:83,3,0,6
BRDA:92,4,0,20
BRDA:113,5,0,20
BRDA:117,6,0,0
BRDA:120,7,0,0
BRDA:123,8,0,0
BRDA:126,9,0,0
BRDA:128,10,0,68
BRDA:130,11,0,0
BRDA:133,12,0,0
BRDA:138,13,0,4
BRDA:145,14,0,64
BRDA:147,15,0,16
BRDA:147,16,0,16
BRDA:155,17,0,0
BRDA:159,18,0,20
BRDA:170,19,0,540
BRDA:171,20,0,0
BRDA:182,21,0,220
BRDA:183,22,0,0
BRDA:189,23,0,20
BRDA:190,24,0,4
BRDA:191,25,0,16
BRDA:191,26,0,0
BRDA:192,27,0,16
BRDA:194,28,0,88
BRDA:195,29,0,32
BRDA:198,30,0,0
BRDA:200,31,0,0
BRDA:203,32,0,68
BRDA:206,33,0,480
BRDA:210,34,0,448
BRDA:214,35,0,412
BRDA:215,36,0,2308
BRDA:216,37,0,232
BRDA:218,38,0,2076
BRF:39
BRH:27
end_of_record
TN:
SF:src\shared\constants.js
FNF:0
FNH:0
DA:1,44
DA:2,44
DA:3,44
DA:4,44
DA:5,44
DA:6,44
DA:7,44
DA:8,44
DA:9,44
DA:10,44
DA:11,44
DA:12,44
DA:13,44
DA:14,44
DA:15,44
DA:16,44
DA:17,44
DA:18,44
DA:19,44
DA:20,44
DA:21,44
DA:22,44
DA:23,44
DA:24,44
DA:25,44
DA:26,44
DA:27,44
DA:28,44
DA:29,44
DA:30,44
DA:31,44
DA:32,44
DA:33,44
DA:34,44
DA:35,44
DA:36,44
DA:37,44
DA:38,44
DA:39,44
DA:40,44
DA:41,44
DA:42,44
DA:43,44
DA:44,44
DA:45,44
DA:46,44
DA:47,44
DA:48,44
DA:49,44
DA:50,44
DA:51,44
DA:52,44
DA:53,44
DA:54,44
DA:55,44
DA:56,44
DA:57,44
DA:58,44
DA:59,44
DA:60,44
DA:61,44
DA:62,44
DA:63,44
DA:64,44
DA:65,44
DA:66,44
DA:67,44
DA:68,44
DA:69,44
DA:70,44
DA:71,44
DA:72,44
DA:73,44
DA:74,44
DA:75,44
DA:76,44
DA:77,44
DA:78,44
DA:79,44
DA:80,44
DA:81,44
DA:82,44
DA:83,44
DA:84,44
DA:85,44
DA:86,44
DA:87,44
DA:88,44
DA:89,44
DA:90,44
DA:91,44
DA:92,44
DA:93,44
DA:94,44
DA:95,44
DA:96,44
DA:97,44
LF:97
LH:97
BRDA:1,0,0,44
BRF:1
BRH:1
end_of_record
